{
  "/Users/giovannitropea/Desktop/Google Dev Fest/camomilla-template/src/components/BaseLayout/components/Header/index.tsx": {
    "path": "/Users/giovannitropea/Desktop/Google Dev Fest/camomilla-template/src/components/BaseLayout/components/Header/index.tsx",
    "statementMap": {
      "0": {
        "start": {
          "line": 3,
          "column": 20
        },
        "end": {
          "line": 3,
          "column": 97
        }
      },
      "1": {
        "start": {
          "line": 6,
          "column": 0
        },
        "end": {
          "line": 16,
          "column": 1
        }
      },
      "2": {
        "start": {
          "line": 7,
          "column": 2
        },
        "end": {
          "line": 9,
          "column": 3
        }
      },
      "3": {
        "start": {
          "line": 8,
          "column": 4
        },
        "end": {
          "line": 8,
          "column": 165
        }
      },
      "4": {
        "start": {
          "line": 10,
          "column": 2
        },
        "end": {
          "line": 10,
          "column": 39
        }
      },
      "5": {
        "start": {
          "line": 11,
          "column": 2
        },
        "end": {
          "line": 11,
          "column": 39
        }
      },
      "6": {
        "start": {
          "line": 12,
          "column": 2
        },
        "end": {
          "line": 14,
          "column": 4
        }
      },
      "7": {
        "start": {
          "line": 13,
          "column": 4
        },
        "end": {
          "line": 13,
          "column": 162
        }
      },
      "8": {
        "start": {
          "line": 15,
          "column": 2
        },
        "end": {
          "line": 15,
          "column": 75
        }
      },
      "9": {
        "start": {
          "line": 17,
          "column": 9
        },
        "end": {
          "line": 17,
          "column": 23
        }
      },
      "10": {
        "start": {
          "line": 21,
          "column": 15
        },
        "end": {
          "line": 73,
          "column": 1
        }
      },
      "11": {
        "start": {
          "line": 22,
          "column": 2
        },
        "end": {
          "line": 22,
          "column": 7
        }
      },
      "12": {
        "start": {
          "line": 26,
          "column": 6
        },
        "end": {
          "line": 26,
          "column": 29
        }
      },
      "13": {
        "start": {
          "line": 27,
          "column": 2
        },
        "end": {
          "line": 72,
          "column": 11
        }
      },
      "14": {
        "start": {
          "line": 51,
          "column": 121
        },
        "end": {
          "line": 51,
          "column": 140
        }
      },
      "15": {
        "start": {
          "line": 74,
          "column": 0
        },
        "end": {
          "line": 76,
          "column": 3
        }
      },
      "16": {
        "start": {
          "line": 75,
          "column": 2
        },
        "end": {
          "line": 75,
          "column": 33
        }
      },
      "17": {
        "start": {
          "line": 77,
          "column": 0
        },
        "end": {
          "line": 77,
          "column": 12
        }
      },
      "18": {
        "start": {
          "line": 80,
          "column": 0
        },
        "end": {
          "line": 80,
          "column": 27
        }
      },
      "19": {
        "start": {
          "line": 81,
          "column": 0
        },
        "end": {
          "line": 94,
          "column": 1
        }
      },
      "20": {
        "start": {
          "line": 82,
          "column": 2
        },
        "end": {
          "line": 82,
          "column": 39
        }
      },
      "21": {
        "start": {
          "line": 83,
          "column": 2
        },
        "end": {
          "line": 83,
          "column": 39
        }
      },
      "22": {
        "start": {
          "line": 84,
          "column": 2
        },
        "end": {
          "line": 93,
          "column": 5
        }
      },
      "23": {
        "start": {
          "line": 85,
          "column": 4
        },
        "end": {
          "line": 85,
          "column": 188
        }
      },
      "24": {
        "start": {
          "line": 86,
          "column": 4
        },
        "end": {
          "line": 92,
          "column": 7
        }
      },
      "25": {
        "start": {
          "line": 87,
          "column": 6
        },
        "end": {
          "line": 88,
          "column": 15
        }
      },
      "26": {
        "start": {
          "line": 88,
          "column": 8
        },
        "end": {
          "line": 88,
          "column": 15
        }
      },
      "27": {
        "start": {
          "line": 89,
          "column": 32
        },
        "end": {
          "line": 89,
          "column": 115
        }
      },
      "28": {
        "start": {
          "line": 90,
          "column": 6
        },
        "end": {
          "line": 91,
          "column": 54
        }
      },
      "29": {
        "start": {
          "line": 91,
          "column": 8
        },
        "end": {
          "line": 91,
          "column": 54
        }
      }
    },
    "fnMap": {
      "0": {
        "name": "(anonymous_0)",
        "decl": {
          "start": {
            "line": 12,
            "column": 24
          },
          "end": {
            "line": 12,
            "column": 25
          }
        },
        "loc": {
          "start": {
            "line": 12,
            "column": 38
          },
          "end": {
            "line": 14,
            "column": 3
          }
        },
        "line": 12
      },
      "1": {
        "name": "(anonymous_1)",
        "decl": {
          "start": {
            "line": 21,
            "column": 15
          },
          "end": {
            "line": 21,
            "column": 16
          }
        },
        "loc": {
          "start": {
            "line": 21,
            "column": 21
          },
          "end": {
            "line": 73,
            "column": 1
          }
        },
        "line": 21
      },
      "2": {
        "name": "(anonymous_2)",
        "decl": {
          "start": {
            "line": 51,
            "column": 115
          },
          "end": {
            "line": 51,
            "column": 116
          }
        },
        "loc": {
          "start": {
            "line": 51,
            "column": 121
          },
          "end": {
            "line": 51,
            "column": 140
          }
        },
        "line": 51
      },
      "3": {
        "name": "(anonymous_3)",
        "decl": {
          "start": {
            "line": 74,
            "column": 50
          },
          "end": {
            "line": 74,
            "column": 51
          }
        },
        "loc": {
          "start": {
            "line": 74,
            "column": 61
          },
          "end": {
            "line": 76,
            "column": 1
          }
        },
        "line": 74
      },
      "4": {
        "name": "(anonymous_4)",
        "decl": {
          "start": {
            "line": 84,
            "column": 52
          },
          "end": {
            "line": 84,
            "column": 53
          }
        },
        "loc": {
          "start": {
            "line": 84,
            "column": 72
          },
          "end": {
            "line": 93,
            "column": 3
          }
        },
        "line": 84
      },
      "5": {
        "name": "(anonymous_5)",
        "decl": {
          "start": {
            "line": 86,
            "column": 27
          },
          "end": {
            "line": 86,
            "column": 28
          }
        },
        "loc": {
          "start": {
            "line": 86,
            "column": 44
          },
          "end": {
            "line": 92,
            "column": 5
          }
        },
        "line": 86
      }
    },
    "branchMap": {
      "0": {
        "loc": {
          "start": {
            "line": 3,
            "column": 20
          },
          "end": {
            "line": 3,
            "column": 97
          }
        },
        "type": "binary-expr",
        "locations": [
          {
            "start": {
              "line": 3,
              "column": 20
            },
            "end": {
              "line": 3,
              "column": 60
            }
          },
          {
            "start": {
              "line": 3,
              "column": 64
            },
            "end": {
              "line": 3,
              "column": 97
            }
          }
        ],
        "line": 3
      },
      "1": {
        "loc": {
          "start": {
            "line": 6,
            "column": 0
          },
          "end": {
            "line": 16,
            "column": 1
          }
        },
        "type": "if",
        "locations": [
          {
            "start": {
              "line": 6,
              "column": 0
            },
            "end": {
              "line": 16,
              "column": 1
            }
          },
          {
            "start": {},
            "end": {}
          }
        ],
        "line": 6
      },
      "2": {
        "loc": {
          "start": {
            "line": 6,
            "column": 4
          },
          "end": {
            "line": 6,
            "column": 35
          }
        },
        "type": "binary-expr",
        "locations": [
          {
            "start": {
              "line": 6,
              "column": 4
            },
            "end": {
              "line": 6,
              "column": 19
            }
          },
          {
            "start": {
              "line": 6,
              "column": 23
            },
            "end": {
              "line": 6,
              "column": 35
            }
          }
        ],
        "line": 6
      },
      "3": {
        "loc": {
          "start": {
            "line": 7,
            "column": 2
          },
          "end": {
            "line": 9,
            "column": 3
          }
        },
        "type": "if",
        "locations": [
          {
            "start": {
              "line": 7,
              "column": 2
            },
            "end": {
              "line": 9,
              "column": 3
            }
          },
          {
            "start": {},
            "end": {}
          }
        ],
        "line": 7
      },
      "4": {
        "loc": {
          "start": {
            "line": 51,
            "column": 162
          },
          "end": {
            "line": 59,
            "column": 12
          }
        },
        "type": "cond-expr",
        "locations": [
          {
            "start": {
              "line": 51,
              "column": 203
            },
            "end": {
              "line": 55,
              "column": 12
            }
          },
          {
            "start": {
              "line": 55,
              "column": 31
            },
            "end": {
              "line": 59,
              "column": 12
            }
          }
        ],
        "line": 51
      },
      "5": {
        "loc": {
          "start": {
            "line": 81,
            "column": 0
          },
          "end": {
            "line": 94,
            "column": 1
          }
        },
        "type": "if",
        "locations": [
          {
            "start": {
              "line": 81,
              "column": 0
            },
            "end": {
              "line": 94,
              "column": 1
            }
          },
          {
            "start": {},
            "end": {}
          }
        ],
        "line": 81
      },
      "6": {
        "loc": {
          "start": {
            "line": 81,
            "column": 4
          },
          "end": {
            "line": 81,
            "column": 35
          }
        },
        "type": "binary-expr",
        "locations": [
          {
            "start": {
              "line": 81,
              "column": 4
            },
            "end": {
              "line": 81,
              "column": 19
            }
          },
          {
            "start": {
              "line": 81,
              "column": 23
            },
            "end": {
              "line": 81,
              "column": 35
            }
          }
        ],
        "line": 81
      },
      "7": {
        "loc": {
          "start": {
            "line": 87,
            "column": 6
          },
          "end": {
            "line": 88,
            "column": 15
          }
        },
        "type": "if",
        "locations": [
          {
            "start": {
              "line": 87,
              "column": 6
            },
            "end": {
              "line": 88,
              "column": 15
            }
          },
          {
            "start": {},
            "end": {}
          }
        ],
        "line": 87
      },
      "8": {
        "loc": {
          "start": {
            "line": 90,
            "column": 6
          },
          "end": {
            "line": 91,
            "column": 54
          }
        },
        "type": "if",
        "locations": [
          {
            "start": {
              "line": 90,
              "column": 6
            },
            "end": {
              "line": 91,
              "column": 54
            }
          },
          {
            "start": {},
            "end": {}
          }
        ],
        "line": 90
      }
    },
    "s": {
      "0": 7,
      "1": 7,
      "2": 7,
      "3": 0,
      "4": 7,
      "5": 7,
      "6": 7,
      "7": 7,
      "8": 7,
      "9": 7,
      "10": 7,
      "11": 28,
      "12": 28,
      "13": 28,
      "14": 0,
      "15": 7,
      "16": 7,
      "17": 7,
      "18": 7,
      "19": 7,
      "20": 7,
      "21": 7,
      "22": 7,
      "23": 7,
      "24": 7,
      "25": 0,
      "26": 0,
      "27": 0,
      "28": 0,
      "29": 0
    },
    "f": {
      "0": 7,
      "1": 28,
      "2": 0,
      "3": 7,
      "4": 7,
      "5": 0
    },
    "b": {
      "0": [
        7,
        0
      ],
      "1": [
        7,
        0
      ],
      "2": [
        7,
        7
      ],
      "3": [
        0,
        7
      ],
      "4": [
        0,
        28
      ],
      "5": [
        7,
        0
      ],
      "6": [
        7,
        7
      ],
      "7": [
        0,
        0
      ],
      "8": [
        0,
        0
      ]
    },
    "inputSourceMap": {
      "version": 3,
      "mappings": "AAWU;;;;;;;;;;;;;;;;;AAXV,SAASA,YAAYC,UAAUC,MAAMC,OAAOC,MAAMC,6BAA6B;AAC/E,SAASC,SAASC,qBAAqB;AACvC,SAASC,wBAAwB;AAEjC,MAAMC,SAASA,MAAM;AAAAC,KAAA;AACnB,QAAM;AAAA,IAAEC;AAAAA,IAAaC;AAAAA,EAAkB,IAAIP,sBAAsB;AAEjE,SACE,uBAAC,SAAS,QAAT,EAAgB,eAAY,UAAS,IAAG,MACvC,iCAAC,QAAK,SAAQ,iBAAgB,OAAM,UAAS,GAAE,QAC7C;AAAA,2BAAC,SAAM,eAAY,iBACjB;AAAA,6BAAC,oBAAiB,IAAG,kBAArB;AAAA;AAAA;AAAA;AAAA,aAAmC;AAAA,MACnC,uBAAC,QACC,SAAO,MACP,SAAQ,YACR,WAAU,QACV,UAAU;AAAA,QAAEQ,MAAM;AAAA,QAASC,IAAI;AAAA,MAAS,GAExC,iCAAC,oBAAiB,IAAG,oBAArB;AAAA;AAAA;AAAA;AAAA,aAAqC,KANvC;AAAA;AAAA;AAAA;AAAA,aAOA;AAAA,SATF;AAAA;AAAA;AAAA;AAAA,WAUA;AAAA,IACA,uBAAC,cACC,eAAY,8BACZ,SAAQ,WACR,SAAS,MAAMF,kBAAkB,GACjC,MAAM,IAELD,0BAAgB,SAAS,uBAAC,WAAQ,MAAM,MAAf;AAAA;AAAA;AAAA;AAAA,WAAkB,IAAM,uBAAC,iBAAc,MAAM,MAArB;AAAA;AAAA;AAAA;AAAA,WAAwB,KAN5E;AAAA;AAAA;AAAA;AAAA,WAOA;AAAA,OAnBF;AAAA;AAAA;AAAA;AAAA,SAoBA,KArBF;AAAA;AAAA;AAAA;AAAA,SAsBA;AAEJ;AAAED,GA5BID,QAAM;AAAA,UACiCJ,qBAAqB;AAAA;AAAAU,KAD5DN;AA8BN,eAAeA;AAAO,IAAAM;AAAAC,aAAAD,IAAA",
      "names": [
        "ActionIcon",
        "AppShell",
        "Flex",
        "Title",
        "Text",
        "useMantineColorScheme",
        "IconSun",
        "IconMoonStars",
        "FormattedMessage",
        "Header",
        "_s",
        "colorScheme",
        "toggleColorScheme",
        "from",
        "to",
        "_c",
        "$RefreshReg$"
      ],
      "sources": [
        "/Users/giovannitropea/Desktop/Google Dev Fest/camomilla-template/src/components/BaseLayout/components/Header/index.tsx"
      ],
      "file": "/Users/giovannitropea/Desktop/Google Dev Fest/camomilla-template/src/components/BaseLayout/components/Header/index.tsx"
    },
    "_coverageSchema": "1a1c01bbd47fc00a2c39e90264f33305004495a9",
    "hash": "e1d3c1399054044b4b5dc62b87c01edd8bbe5ecf"
  },
  "/Users/giovannitropea/Desktop/Google Dev Fest/camomilla-template/src/components/BaseLayout/components/Sidebar/components/index.tsx": {
    "path": "/Users/giovannitropea/Desktop/Google Dev Fest/camomilla-template/src/components/BaseLayout/components/Sidebar/components/index.tsx",
    "statementMap": {
      "0": {
        "start": {
          "line": 3,
          "column": 20
        },
        "end": {
          "line": 3,
          "column": 97
        }
      },
      "1": {
        "start": {
          "line": 6,
          "column": 0
        },
        "end": {
          "line": 16,
          "column": 1
        }
      },
      "2": {
        "start": {
          "line": 7,
          "column": 2
        },
        "end": {
          "line": 9,
          "column": 3
        }
      },
      "3": {
        "start": {
          "line": 8,
          "column": 4
        },
        "end": {
          "line": 8,
          "column": 165
        }
      },
      "4": {
        "start": {
          "line": 10,
          "column": 2
        },
        "end": {
          "line": 10,
          "column": 39
        }
      },
      "5": {
        "start": {
          "line": 11,
          "column": 2
        },
        "end": {
          "line": 11,
          "column": 39
        }
      },
      "6": {
        "start": {
          "line": 12,
          "column": 2
        },
        "end": {
          "line": 14,
          "column": 4
        }
      },
      "7": {
        "start": {
          "line": 13,
          "column": 4
        },
        "end": {
          "line": 13,
          "column": 174
        }
      },
      "8": {
        "start": {
          "line": 15,
          "column": 2
        },
        "end": {
          "line": 15,
          "column": 75
        }
      },
      "9": {
        "start": {
          "line": 20,
          "column": 13
        },
        "end": {
          "line": 49,
          "column": 8
        }
      },
      "10": {
        "start": {
          "line": 24,
          "column": 22
        },
        "end": {
          "line": 49,
          "column": 8
        }
      },
      "11": {
        "start": {
          "line": 26,
          "column": 6
        },
        "end": {
          "line": 26,
          "column": 76
        }
      },
      "12": {
        "start": {
          "line": 50,
          "column": 0
        },
        "end": {
          "line": 50,
          "column": 10
        }
      },
      "13": {
        "start": {
          "line": 53,
          "column": 0
        },
        "end": {
          "line": 53,
          "column": 25
        }
      },
      "14": {
        "start": {
          "line": 54,
          "column": 0
        },
        "end": {
          "line": 67,
          "column": 1
        }
      },
      "15": {
        "start": {
          "line": 55,
          "column": 2
        },
        "end": {
          "line": 55,
          "column": 39
        }
      },
      "16": {
        "start": {
          "line": 56,
          "column": 2
        },
        "end": {
          "line": 56,
          "column": 39
        }
      },
      "17": {
        "start": {
          "line": 57,
          "column": 2
        },
        "end": {
          "line": 66,
          "column": 5
        }
      },
      "18": {
        "start": {
          "line": 58,
          "column": 4
        },
        "end": {
          "line": 58,
          "column": 200
        }
      },
      "19": {
        "start": {
          "line": 59,
          "column": 4
        },
        "end": {
          "line": 65,
          "column": 7
        }
      },
      "20": {
        "start": {
          "line": 60,
          "column": 6
        },
        "end": {
          "line": 61,
          "column": 15
        }
      },
      "21": {
        "start": {
          "line": 61,
          "column": 8
        },
        "end": {
          "line": 61,
          "column": 15
        }
      },
      "22": {
        "start": {
          "line": 62,
          "column": 32
        },
        "end": {
          "line": 62,
          "column": 115
        }
      },
      "23": {
        "start": {
          "line": 63,
          "column": 6
        },
        "end": {
          "line": 64,
          "column": 54
        }
      },
      "24": {
        "start": {
          "line": 64,
          "column": 8
        },
        "end": {
          "line": 64,
          "column": 54
        }
      }
    },
    "fnMap": {
      "0": {
        "name": "(anonymous_0)",
        "decl": {
          "start": {
            "line": 12,
            "column": 24
          },
          "end": {
            "line": 12,
            "column": 25
          }
        },
        "loc": {
          "start": {
            "line": 12,
            "column": 38
          },
          "end": {
            "line": 14,
            "column": 3
          }
        },
        "line": 12
      },
      "1": {
        "name": "(anonymous_1)",
        "decl": {
          "start": {
            "line": 20,
            "column": 13
          },
          "end": {
            "line": 20,
            "column": 14
          }
        },
        "loc": {
          "start": {
            "line": 24,
            "column": 22
          },
          "end": {
            "line": 49,
            "column": 8
          }
        },
        "line": 24
      },
      "2": {
        "name": "(anonymous_2)",
        "decl": {
          "start": {
            "line": 24,
            "column": 61
          },
          "end": {
            "line": 24,
            "column": 62
          }
        },
        "loc": {
          "start": {
            "line": 26,
            "column": 6
          },
          "end": {
            "line": 26,
            "column": 76
          }
        },
        "line": 26
      },
      "3": {
        "name": "(anonymous_3)",
        "decl": {
          "start": {
            "line": 57,
            "column": 52
          },
          "end": {
            "line": 57,
            "column": 53
          }
        },
        "loc": {
          "start": {
            "line": 57,
            "column": 72
          },
          "end": {
            "line": 66,
            "column": 3
          }
        },
        "line": 57
      },
      "4": {
        "name": "(anonymous_4)",
        "decl": {
          "start": {
            "line": 59,
            "column": 27
          },
          "end": {
            "line": 59,
            "column": 28
          }
        },
        "loc": {
          "start": {
            "line": 59,
            "column": 44
          },
          "end": {
            "line": 65,
            "column": 5
          }
        },
        "line": 59
      }
    },
    "branchMap": {
      "0": {
        "loc": {
          "start": {
            "line": 3,
            "column": 20
          },
          "end": {
            "line": 3,
            "column": 97
          }
        },
        "type": "binary-expr",
        "locations": [
          {
            "start": {
              "line": 3,
              "column": 20
            },
            "end": {
              "line": 3,
              "column": 60
            }
          },
          {
            "start": {
              "line": 3,
              "column": 64
            },
            "end": {
              "line": 3,
              "column": 97
            }
          }
        ],
        "line": 3
      },
      "1": {
        "loc": {
          "start": {
            "line": 6,
            "column": 0
          },
          "end": {
            "line": 16,
            "column": 1
          }
        },
        "type": "if",
        "locations": [
          {
            "start": {
              "line": 6,
              "column": 0
            },
            "end": {
              "line": 16,
              "column": 1
            }
          },
          {
            "start": {},
            "end": {}
          }
        ],
        "line": 6
      },
      "2": {
        "loc": {
          "start": {
            "line": 6,
            "column": 4
          },
          "end": {
            "line": 6,
            "column": 35
          }
        },
        "type": "binary-expr",
        "locations": [
          {
            "start": {
              "line": 6,
              "column": 4
            },
            "end": {
              "line": 6,
              "column": 19
            }
          },
          {
            "start": {
              "line": 6,
              "column": 23
            },
            "end": {
              "line": 6,
              "column": 35
            }
          }
        ],
        "line": 6
      },
      "3": {
        "loc": {
          "start": {
            "line": 7,
            "column": 2
          },
          "end": {
            "line": 9,
            "column": 3
          }
        },
        "type": "if",
        "locations": [
          {
            "start": {
              "line": 7,
              "column": 2
            },
            "end": {
              "line": 9,
              "column": 3
            }
          },
          {
            "start": {},
            "end": {}
          }
        ],
        "line": 7
      },
      "4": {
        "loc": {
          "start": {
            "line": 26,
            "column": 6
          },
          "end": {
            "line": 26,
            "column": 76
          }
        },
        "type": "cond-expr",
        "locations": [
          {
            "start": {
              "line": 26,
              "column": 17
            },
            "end": {
              "line": 26,
              "column": 61
            }
          },
          {
            "start": {
              "line": 26,
              "column": 64
            },
            "end": {
              "line": 26,
              "column": 76
            }
          }
        ],
        "line": 26
      },
      "5": {
        "loc": {
          "start": {
            "line": 54,
            "column": 0
          },
          "end": {
            "line": 67,
            "column": 1
          }
        },
        "type": "if",
        "locations": [
          {
            "start": {
              "line": 54,
              "column": 0
            },
            "end": {
              "line": 67,
              "column": 1
            }
          },
          {
            "start": {},
            "end": {}
          }
        ],
        "line": 54
      },
      "6": {
        "loc": {
          "start": {
            "line": 54,
            "column": 4
          },
          "end": {
            "line": 54,
            "column": 35
          }
        },
        "type": "binary-expr",
        "locations": [
          {
            "start": {
              "line": 54,
              "column": 4
            },
            "end": {
              "line": 54,
              "column": 19
            }
          },
          {
            "start": {
              "line": 54,
              "column": 23
            },
            "end": {
              "line": 54,
              "column": 35
            }
          }
        ],
        "line": 54
      },
      "7": {
        "loc": {
          "start": {
            "line": 60,
            "column": 6
          },
          "end": {
            "line": 61,
            "column": 15
          }
        },
        "type": "if",
        "locations": [
          {
            "start": {
              "line": 60,
              "column": 6
            },
            "end": {
              "line": 61,
              "column": 15
            }
          },
          {
            "start": {},
            "end": {}
          }
        ],
        "line": 60
      },
      "8": {
        "loc": {
          "start": {
            "line": 63,
            "column": 6
          },
          "end": {
            "line": 64,
            "column": 54
          }
        },
        "type": "if",
        "locations": [
          {
            "start": {
              "line": 63,
              "column": 6
            },
            "end": {
              "line": 64,
              "column": 54
            }
          },
          {
            "start": {},
            "end": {}
          }
        ],
        "line": 63
      }
    },
    "s": {
      "0": 7,
      "1": 7,
      "2": 7,
      "3": 0,
      "4": 7,
      "5": 7,
      "6": 7,
      "7": 7,
      "8": 7,
      "9": 7,
      "10": 42,
      "11": 42,
      "12": 7,
      "13": 7,
      "14": 7,
      "15": 7,
      "16": 7,
      "17": 7,
      "18": 7,
      "19": 7,
      "20": 0,
      "21": 0,
      "22": 0,
      "23": 0,
      "24": 0
    },
    "f": {
      "0": 7,
      "1": 42,
      "2": 42,
      "3": 7,
      "4": 0
    },
    "b": {
      "0": [
        7,
        0
      ],
      "1": [
        7,
        0
      ],
      "2": [
        7,
        7
      ],
      "3": [
        0,
        7
      ],
      "4": [
        14,
        28
      ],
      "5": [
        7,
        0
      ],
      "6": [
        7,
        7
      ],
      "7": [
        0,
        0
      ],
      "8": [
        0,
        0
      ]
    },
    "inputSourceMap": {
      "version": 3,
      "mappings": "AAeM;AAfN,2BAAyB;AAAoB;AAAA;AAAA;AAAA;AAAA;AAAA;AAAA;AAAA;AAAA;AAAA;AAAA;AAAA;AAAA;AAAA;AAAA;AAC7C,SAASA,eAAe;AAExB,OAAOC,aAAa;AAIpB,MAAMC,OAAOA,CAAC;AAAA,EAAEC;AAAAA,EAAMC;AAAAA,EAAeC;AAAY,MAC/C,uBAAC,WACC,IAAIF,MACJ,WAAW,CAAC;AAAA,EAAEG;AAAS,MACrBA,WAAY,GAAEL,QAAQM,IAAK,IAAGN,QAAQ,cAAc,CAAE,KAAIA,QAAQM,MAGpE;AAAA,yBAAC,UAAK,WAAWN,QAAQO,YACvB,iCAAC,QAAK,MAAM,IAAI,QAAQ,OAAxB;AAAA;AAAA;AAAA;AAAA,SAA4B,KAD9B;AAAA;AAAA;AAAA;AAAA,SAEA;AAAA,EAEA,uBAAC,UAAK,WAAWP,QAAQQ,aACvB,iCAAC,oBAAiB,IAAIL,iBAAtB;AAAA;AAAA;AAAA;AAAA,SAAoC,KADtC;AAAA;AAAA;AAAA;AAAA,SAEA;AAAA,KAZF;AAAA;AAAA;AAAA;AAAA,OAaA;AACAM,KAfIR;AAiBN,eAAeA;AAAK,IAAAQ;AAAAC,aAAAD,IAAA",
      "names": [
        "NavLink",
        "classes",
        "Item",
        "path",
        "translationId",
        "Icon",
        "isActive",
        "link",
        "link__icon",
        "link__title",
        "_c",
        "$RefreshReg$"
      ],
      "sources": [
        "/Users/giovannitropea/Desktop/Google Dev Fest/camomilla-template/src/components/BaseLayout/components/Sidebar/components/index.tsx"
      ],
      "file": "/Users/giovannitropea/Desktop/Google Dev Fest/camomilla-template/src/components/BaseLayout/components/Sidebar/components/index.tsx"
    },
    "_coverageSchema": "1a1c01bbd47fc00a2c39e90264f33305004495a9",
    "hash": "9e84643b8223580da2a5d986e6692ce8c57e15fd"
  },
  "/Users/giovannitropea/Desktop/Google Dev Fest/camomilla-template/src/components/BaseLayout/components/Sidebar/index.tsx": {
    "path": "/Users/giovannitropea/Desktop/Google Dev Fest/camomilla-template/src/components/BaseLayout/components/Sidebar/index.tsx",
    "statementMap": {
      "0": {
        "start": {
          "line": 3,
          "column": 20
        },
        "end": {
          "line": 3,
          "column": 97
        }
      },
      "1": {
        "start": {
          "line": 6,
          "column": 0
        },
        "end": {
          "line": 16,
          "column": 1
        }
      },
      "2": {
        "start": {
          "line": 7,
          "column": 2
        },
        "end": {
          "line": 9,
          "column": 3
        }
      },
      "3": {
        "start": {
          "line": 8,
          "column": 4
        },
        "end": {
          "line": 8,
          "column": 165
        }
      },
      "4": {
        "start": {
          "line": 10,
          "column": 2
        },
        "end": {
          "line": 10,
          "column": 39
        }
      },
      "5": {
        "start": {
          "line": 11,
          "column": 2
        },
        "end": {
          "line": 11,
          "column": 39
        }
      },
      "6": {
        "start": {
          "line": 12,
          "column": 2
        },
        "end": {
          "line": 14,
          "column": 4
        }
      },
      "7": {
        "start": {
          "line": 13,
          "column": 4
        },
        "end": {
          "line": 13,
          "column": 163
        }
      },
      "8": {
        "start": {
          "line": 15,
          "column": 2
        },
        "end": {
          "line": 15,
          "column": 75
        }
      },
      "9": {
        "start": {
          "line": 20,
          "column": 16
        },
        "end": {
          "line": 47,
          "column": 1
        }
      },
      "10": {
        "start": {
          "line": 21,
          "column": 20
        },
        "end": {
          "line": 33,
          "column": 4
        }
      },
      "11": {
        "start": {
          "line": 34,
          "column": 2
        },
        "end": {
          "line": 46,
          "column": 11
        }
      },
      "12": {
        "start": {
          "line": 38,
          "column": 24
        },
        "end": {
          "line": 42,
          "column": 10
        }
      },
      "13": {
        "start": {
          "line": 48,
          "column": 0
        },
        "end": {
          "line": 48,
          "column": 13
        }
      },
      "14": {
        "start": {
          "line": 51,
          "column": 0
        },
        "end": {
          "line": 51,
          "column": 28
        }
      },
      "15": {
        "start": {
          "line": 52,
          "column": 0
        },
        "end": {
          "line": 65,
          "column": 1
        }
      },
      "16": {
        "start": {
          "line": 53,
          "column": 2
        },
        "end": {
          "line": 53,
          "column": 39
        }
      },
      "17": {
        "start": {
          "line": 54,
          "column": 2
        },
        "end": {
          "line": 54,
          "column": 39
        }
      },
      "18": {
        "start": {
          "line": 55,
          "column": 2
        },
        "end": {
          "line": 64,
          "column": 5
        }
      },
      "19": {
        "start": {
          "line": 56,
          "column": 4
        },
        "end": {
          "line": 56,
          "column": 189
        }
      },
      "20": {
        "start": {
          "line": 57,
          "column": 4
        },
        "end": {
          "line": 63,
          "column": 7
        }
      },
      "21": {
        "start": {
          "line": 58,
          "column": 6
        },
        "end": {
          "line": 59,
          "column": 15
        }
      },
      "22": {
        "start": {
          "line": 59,
          "column": 8
        },
        "end": {
          "line": 59,
          "column": 15
        }
      },
      "23": {
        "start": {
          "line": 60,
          "column": 32
        },
        "end": {
          "line": 60,
          "column": 115
        }
      },
      "24": {
        "start": {
          "line": 61,
          "column": 6
        },
        "end": {
          "line": 62,
          "column": 54
        }
      },
      "25": {
        "start": {
          "line": 62,
          "column": 8
        },
        "end": {
          "line": 62,
          "column": 54
        }
      }
    },
    "fnMap": {
      "0": {
        "name": "(anonymous_0)",
        "decl": {
          "start": {
            "line": 12,
            "column": 24
          },
          "end": {
            "line": 12,
            "column": 25
          }
        },
        "loc": {
          "start": {
            "line": 12,
            "column": 38
          },
          "end": {
            "line": 14,
            "column": 3
          }
        },
        "line": 12
      },
      "1": {
        "name": "(anonymous_1)",
        "decl": {
          "start": {
            "line": 20,
            "column": 16
          },
          "end": {
            "line": 20,
            "column": 17
          }
        },
        "loc": {
          "start": {
            "line": 20,
            "column": 22
          },
          "end": {
            "line": 47,
            "column": 1
          }
        },
        "line": 20
      },
      "2": {
        "name": "(anonymous_2)",
        "decl": {
          "start": {
            "line": 34,
            "column": 75
          },
          "end": {
            "line": 34,
            "column": 76
          }
        },
        "loc": {
          "start": {
            "line": 38,
            "column": 24
          },
          "end": {
            "line": 42,
            "column": 10
          }
        },
        "line": 38
      },
      "3": {
        "name": "(anonymous_3)",
        "decl": {
          "start": {
            "line": 55,
            "column": 52
          },
          "end": {
            "line": 55,
            "column": 53
          }
        },
        "loc": {
          "start": {
            "line": 55,
            "column": 72
          },
          "end": {
            "line": 64,
            "column": 3
          }
        },
        "line": 55
      },
      "4": {
        "name": "(anonymous_4)",
        "decl": {
          "start": {
            "line": 57,
            "column": 27
          },
          "end": {
            "line": 57,
            "column": 28
          }
        },
        "loc": {
          "start": {
            "line": 57,
            "column": 44
          },
          "end": {
            "line": 63,
            "column": 5
          }
        },
        "line": 57
      }
    },
    "branchMap": {
      "0": {
        "loc": {
          "start": {
            "line": 3,
            "column": 20
          },
          "end": {
            "line": 3,
            "column": 97
          }
        },
        "type": "binary-expr",
        "locations": [
          {
            "start": {
              "line": 3,
              "column": 20
            },
            "end": {
              "line": 3,
              "column": 60
            }
          },
          {
            "start": {
              "line": 3,
              "column": 64
            },
            "end": {
              "line": 3,
              "column": 97
            }
          }
        ],
        "line": 3
      },
      "1": {
        "loc": {
          "start": {
            "line": 6,
            "column": 0
          },
          "end": {
            "line": 16,
            "column": 1
          }
        },
        "type": "if",
        "locations": [
          {
            "start": {
              "line": 6,
              "column": 0
            },
            "end": {
              "line": 16,
              "column": 1
            }
          },
          {
            "start": {},
            "end": {}
          }
        ],
        "line": 6
      },
      "2": {
        "loc": {
          "start": {
            "line": 6,
            "column": 4
          },
          "end": {
            "line": 6,
            "column": 35
          }
        },
        "type": "binary-expr",
        "locations": [
          {
            "start": {
              "line": 6,
              "column": 4
            },
            "end": {
              "line": 6,
              "column": 19
            }
          },
          {
            "start": {
              "line": 6,
              "column": 23
            },
            "end": {
              "line": 6,
              "column": 35
            }
          }
        ],
        "line": 6
      },
      "3": {
        "loc": {
          "start": {
            "line": 7,
            "column": 2
          },
          "end": {
            "line": 9,
            "column": 3
          }
        },
        "type": "if",
        "locations": [
          {
            "start": {
              "line": 7,
              "column": 2
            },
            "end": {
              "line": 9,
              "column": 3
            }
          },
          {
            "start": {},
            "end": {}
          }
        ],
        "line": 7
      },
      "4": {
        "loc": {
          "start": {
            "line": 52,
            "column": 0
          },
          "end": {
            "line": 65,
            "column": 1
          }
        },
        "type": "if",
        "locations": [
          {
            "start": {
              "line": 52,
              "column": 0
            },
            "end": {
              "line": 65,
              "column": 1
            }
          },
          {
            "start": {},
            "end": {}
          }
        ],
        "line": 52
      },
      "5": {
        "loc": {
          "start": {
            "line": 52,
            "column": 4
          },
          "end": {
            "line": 52,
            "column": 35
          }
        },
        "type": "binary-expr",
        "locations": [
          {
            "start": {
              "line": 52,
              "column": 4
            },
            "end": {
              "line": 52,
              "column": 19
            }
          },
          {
            "start": {
              "line": 52,
              "column": 23
            },
            "end": {
              "line": 52,
              "column": 35
            }
          }
        ],
        "line": 52
      },
      "6": {
        "loc": {
          "start": {
            "line": 58,
            "column": 6
          },
          "end": {
            "line": 59,
            "column": 15
          }
        },
        "type": "if",
        "locations": [
          {
            "start": {
              "line": 58,
              "column": 6
            },
            "end": {
              "line": 59,
              "column": 15
            }
          },
          {
            "start": {},
            "end": {}
          }
        ],
        "line": 58
      },
      "7": {
        "loc": {
          "start": {
            "line": 61,
            "column": 6
          },
          "end": {
            "line": 62,
            "column": 54
          }
        },
        "type": "if",
        "locations": [
          {
            "start": {
              "line": 61,
              "column": 6
            },
            "end": {
              "line": 62,
              "column": 54
            }
          },
          {
            "start": {},
            "end": {}
          }
        ],
        "line": 61
      }
    },
    "s": {
      "0": 7,
      "1": 7,
      "2": 7,
      "3": 0,
      "4": 7,
      "5": 7,
      "6": 7,
      "7": 7,
      "8": 7,
      "9": 7,
      "10": 14,
      "11": 14,
      "12": 42,
      "13": 7,
      "14": 7,
      "15": 7,
      "16": 7,
      "17": 7,
      "18": 7,
      "19": 7,
      "20": 7,
      "21": 0,
      "22": 0,
      "23": 0,
      "24": 0,
      "25": 0
    },
    "f": {
      "0": 7,
      "1": 14,
      "2": 42,
      "3": 7,
      "4": 0
    },
    "b": {
      "0": [
        7,
        0
      ],
      "1": [
        7,
        0
      ],
      "2": [
        7,
        7
      ],
      "3": [
        0,
        7
      ],
      "4": [
        7,
        0
      ],
      "5": [
        7,
        7
      ],
      "6": [
        0,
        0
      ],
      "7": [
        0,
        0
      ]
    },
    "inputSourceMap": {
      "version": 3,
      "mappings": "AA2BQ;AA3BR,2BAAyB;AAAe;AAAA;AAAA;AAAA;AAAA;AAAA;AAAA;AAAA;AAAA;AAAA;AAAA;AAAA;AAAA;AAAA;AAAA;AACxC,SAASA,oBAAoBC,UAAUC,iBAAiB;AAExD,OAAOC,UAAU;AAEjB,MAAMC,UAAUA,MAAM;AACpB,QAAMC,YAAwB,CAC5B;AAAA,IACEC,MAAML;AAAAA,IACNM,MAAM;AAAA,IACNC,eAAe;AAAA,EACjB,GACA;AAAA,IACEF,MAAMN;AAAAA,IACNO,MAAM;AAAA,IACNC,eAAe;AAAA,EACjB,GACA;AAAA,IACEF,MAAMJ;AAAAA,IACNK,MAAM;AAAA,IACNC,eAAe;AAAA,EACjB,CAAC;AAGH,SACE,uBAAC,SAAS,QAAT,EACEH,oBAAUI,IAAI,CAAC;AAAA,IAAEH;AAAAA,IAAMC;AAAAA,IAAMC;AAAAA,EAAc,MAC1C,uBAAC,QAAgB,MAAY,MAAY,iBAA9BD,MAAX;AAAA;AAAA;AAAA;AAAA,SAAsE,CACvE,KAHH;AAAA;AAAA;AAAA;AAAA,SAIA;AAEJ;AAAEG,KA1BIN;AA4BN,eAAeA;AAAQ,IAAAM;AAAAC,aAAAD,IAAA",
      "names": [
        "IconAlignJustified",
        "IconHome",
        "IconTable",
        "Item",
        "Sidebar",
        "menuItems",
        "Icon",
        "path",
        "translationId",
        "map",
        "_c",
        "$RefreshReg$"
      ],
      "sources": [
        "/Users/giovannitropea/Desktop/Google Dev Fest/camomilla-template/src/components/BaseLayout/components/Sidebar/index.tsx"
      ],
      "file": "/Users/giovannitropea/Desktop/Google Dev Fest/camomilla-template/src/components/BaseLayout/components/Sidebar/index.tsx"
    },
    "_coverageSchema": "1a1c01bbd47fc00a2c39e90264f33305004495a9",
    "hash": "cbb502b908e560c98326d216acbc7c04514caab5"
  },
  "/Users/giovannitropea/Desktop/Google Dev Fest/camomilla-template/src/components/BaseLayout/index.tsx": {
    "path": "/Users/giovannitropea/Desktop/Google Dev Fest/camomilla-template/src/components/BaseLayout/index.tsx",
    "statementMap": {
      "0": {
        "start": {
          "line": 3,
          "column": 20
        },
        "end": {
          "line": 3,
          "column": 97
        }
      },
      "1": {
        "start": {
          "line": 6,
          "column": 0
        },
        "end": {
          "line": 16,
          "column": 1
        }
      },
      "2": {
        "start": {
          "line": 7,
          "column": 2
        },
        "end": {
          "line": 9,
          "column": 3
        }
      },
      "3": {
        "start": {
          "line": 8,
          "column": 4
        },
        "end": {
          "line": 8,
          "column": 165
        }
      },
      "4": {
        "start": {
          "line": 10,
          "column": 2
        },
        "end": {
          "line": 10,
          "column": 39
        }
      },
      "5": {
        "start": {
          "line": 11,
          "column": 2
        },
        "end": {
          "line": 11,
          "column": 39
        }
      },
      "6": {
        "start": {
          "line": 12,
          "column": 2
        },
        "end": {
          "line": 14,
          "column": 4
        }
      },
      "7": {
        "start": {
          "line": 13,
          "column": 4
        },
        "end": {
          "line": 13,
          "column": 144
        }
      },
      "8": {
        "start": {
          "line": 15,
          "column": 2
        },
        "end": {
          "line": 15,
          "column": 75
        }
      },
      "9": {
        "start": {
          "line": 21,
          "column": 19
        },
        "end": {
          "line": 54,
          "column": 8
        }
      },
      "10": {
        "start": {
          "line": 21,
          "column": 41
        },
        "end": {
          "line": 54,
          "column": 8
        }
      },
      "11": {
        "start": {
          "line": 55,
          "column": 0
        },
        "end": {
          "line": 55,
          "column": 16
        }
      },
      "12": {
        "start": {
          "line": 58,
          "column": 0
        },
        "end": {
          "line": 58,
          "column": 31
        }
      },
      "13": {
        "start": {
          "line": 59,
          "column": 0
        },
        "end": {
          "line": 72,
          "column": 1
        }
      },
      "14": {
        "start": {
          "line": 60,
          "column": 2
        },
        "end": {
          "line": 60,
          "column": 39
        }
      },
      "15": {
        "start": {
          "line": 61,
          "column": 2
        },
        "end": {
          "line": 61,
          "column": 39
        }
      },
      "16": {
        "start": {
          "line": 62,
          "column": 2
        },
        "end": {
          "line": 71,
          "column": 5
        }
      },
      "17": {
        "start": {
          "line": 63,
          "column": 4
        },
        "end": {
          "line": 63,
          "column": 170
        }
      },
      "18": {
        "start": {
          "line": 64,
          "column": 4
        },
        "end": {
          "line": 70,
          "column": 7
        }
      },
      "19": {
        "start": {
          "line": 65,
          "column": 6
        },
        "end": {
          "line": 66,
          "column": 15
        }
      },
      "20": {
        "start": {
          "line": 66,
          "column": 8
        },
        "end": {
          "line": 66,
          "column": 15
        }
      },
      "21": {
        "start": {
          "line": 67,
          "column": 32
        },
        "end": {
          "line": 67,
          "column": 115
        }
      },
      "22": {
        "start": {
          "line": 68,
          "column": 6
        },
        "end": {
          "line": 69,
          "column": 54
        }
      },
      "23": {
        "start": {
          "line": 69,
          "column": 8
        },
        "end": {
          "line": 69,
          "column": 54
        }
      }
    },
    "fnMap": {
      "0": {
        "name": "(anonymous_0)",
        "decl": {
          "start": {
            "line": 12,
            "column": 24
          },
          "end": {
            "line": 12,
            "column": 25
          }
        },
        "loc": {
          "start": {
            "line": 12,
            "column": 38
          },
          "end": {
            "line": 14,
            "column": 3
          }
        },
        "line": 12
      },
      "1": {
        "name": "(anonymous_1)",
        "decl": {
          "start": {
            "line": 21,
            "column": 19
          },
          "end": {
            "line": 21,
            "column": 20
          }
        },
        "loc": {
          "start": {
            "line": 21,
            "column": 41
          },
          "end": {
            "line": 54,
            "column": 8
          }
        },
        "line": 21
      },
      "2": {
        "name": "(anonymous_2)",
        "decl": {
          "start": {
            "line": 62,
            "column": 52
          },
          "end": {
            "line": 62,
            "column": 53
          }
        },
        "loc": {
          "start": {
            "line": 62,
            "column": 72
          },
          "end": {
            "line": 71,
            "column": 3
          }
        },
        "line": 62
      },
      "3": {
        "name": "(anonymous_3)",
        "decl": {
          "start": {
            "line": 64,
            "column": 27
          },
          "end": {
            "line": 64,
            "column": 28
          }
        },
        "loc": {
          "start": {
            "line": 64,
            "column": 44
          },
          "end": {
            "line": 70,
            "column": 5
          }
        },
        "line": 64
      }
    },
    "branchMap": {
      "0": {
        "loc": {
          "start": {
            "line": 3,
            "column": 20
          },
          "end": {
            "line": 3,
            "column": 97
          }
        },
        "type": "binary-expr",
        "locations": [
          {
            "start": {
              "line": 3,
              "column": 20
            },
            "end": {
              "line": 3,
              "column": 60
            }
          },
          {
            "start": {
              "line": 3,
              "column": 64
            },
            "end": {
              "line": 3,
              "column": 97
            }
          }
        ],
        "line": 3
      },
      "1": {
        "loc": {
          "start": {
            "line": 6,
            "column": 0
          },
          "end": {
            "line": 16,
            "column": 1
          }
        },
        "type": "if",
        "locations": [
          {
            "start": {
              "line": 6,
              "column": 0
            },
            "end": {
              "line": 16,
              "column": 1
            }
          },
          {
            "start": {},
            "end": {}
          }
        ],
        "line": 6
      },
      "2": {
        "loc": {
          "start": {
            "line": 6,
            "column": 4
          },
          "end": {
            "line": 6,
            "column": 35
          }
        },
        "type": "binary-expr",
        "locations": [
          {
            "start": {
              "line": 6,
              "column": 4
            },
            "end": {
              "line": 6,
              "column": 19
            }
          },
          {
            "start": {
              "line": 6,
              "column": 23
            },
            "end": {
              "line": 6,
              "column": 35
            }
          }
        ],
        "line": 6
      },
      "3": {
        "loc": {
          "start": {
            "line": 7,
            "column": 2
          },
          "end": {
            "line": 9,
            "column": 3
          }
        },
        "type": "if",
        "locations": [
          {
            "start": {
              "line": 7,
              "column": 2
            },
            "end": {
              "line": 9,
              "column": 3
            }
          },
          {
            "start": {},
            "end": {}
          }
        ],
        "line": 7
      },
      "4": {
        "loc": {
          "start": {
            "line": 59,
            "column": 0
          },
          "end": {
            "line": 72,
            "column": 1
          }
        },
        "type": "if",
        "locations": [
          {
            "start": {
              "line": 59,
              "column": 0
            },
            "end": {
              "line": 72,
              "column": 1
            }
          },
          {
            "start": {},
            "end": {}
          }
        ],
        "line": 59
      },
      "5": {
        "loc": {
          "start": {
            "line": 59,
            "column": 4
          },
          "end": {
            "line": 59,
            "column": 35
          }
        },
        "type": "binary-expr",
        "locations": [
          {
            "start": {
              "line": 59,
              "column": 4
            },
            "end": {
              "line": 59,
              "column": 19
            }
          },
          {
            "start": {
              "line": 59,
              "column": 23
            },
            "end": {
              "line": 59,
              "column": 35
            }
          }
        ],
        "line": 59
      },
      "6": {
        "loc": {
          "start": {
            "line": 65,
            "column": 6
          },
          "end": {
            "line": 66,
            "column": 15
          }
        },
        "type": "if",
        "locations": [
          {
            "start": {
              "line": 65,
              "column": 6
            },
            "end": {
              "line": 66,
              "column": 15
            }
          },
          {
            "start": {},
            "end": {}
          }
        ],
        "line": 65
      },
      "7": {
        "loc": {
          "start": {
            "line": 68,
            "column": 6
          },
          "end": {
            "line": 69,
            "column": 54
          }
        },
        "type": "if",
        "locations": [
          {
            "start": {
              "line": 68,
              "column": 6
            },
            "end": {
              "line": 69,
              "column": 54
            }
          },
          {
            "start": {},
            "end": {}
          }
        ],
        "line": 68
      }
    },
    "s": {
      "0": 7,
      "1": 7,
      "2": 7,
      "3": 0,
      "4": 7,
      "5": 7,
      "6": 7,
      "7": 7,
      "8": 7,
      "9": 7,
      "10": 14,
      "11": 7,
      "12": 7,
      "13": 7,
      "14": 7,
      "15": 7,
      "16": 7,
      "17": 7,
      "18": 7,
      "19": 0,
      "20": 0,
      "21": 0,
      "22": 0,
      "23": 0
    },
    "f": {
      "0": 7,
      "1": 14,
      "2": 7,
      "3": 0
    },
    "b": {
      "0": [
        7,
        0
      ],
      "1": [
        7,
        0
      ],
      "2": [
        7,
        7
      ],
      "3": [
        0,
        7
      ],
      "4": [
        7,
        0
      ],
      "5": [
        7,
        7
      ],
      "6": [
        0,
        0
      ],
      "7": [
        0,
        0
      ]
    },
    "inputSourceMap": {
      "version": 3,
      "mappings": "AAaI;AAbJ,2BAAyB;AAAe;AAAA;AAAA;AAAA;AAAA;AAAA;AAAA;AAAA;AAAA;AAAA;AAAA;AAAA;AAAA;AAAA;AAAA;AACxC,SAASA,cAAc;AACvB,OAAOC,YAAY;AACnB,OAAOC,aAAa;AAEpB,MAAMC,aAAaA,MACjB,uBAAC,YACC,QAAQ;AAAA,EAAEC,QAAQ;AAAA,EAAMC,QAAQ;AAAA,IAAEC,MAAM;AAAA,IAAIC,IAAI;AAAA,EAAG;AAAE,GACrD,QAAQ;AAAA,EACNC,OAAO;AAAA,EACPC,YAAY;AACd,GAEA;AAAA,yBAAC,YAAD;AAAA;AAAA;AAAA;AAAA,SAAO;AAAA,EACP,uBAAC,aAAD;AAAA;AAAA;AAAA;AAAA,SAAQ;AAAA,EACR,uBAAC,SAAS,MAAT,EACC,iCAAC,YAAD;AAAA;AAAA;AAAA;AAAA,SAAO,KADT;AAAA;AAAA;AAAA;AAAA,SAEA;AAAA,KAXF;AAAA;AAAA;AAAA;AAAA,OAYA;AACAC,KAdIP;AAgBN,eAAeA;AAAW,IAAAO;AAAAC,aAAAD,IAAA",
      "names": [
        "Outlet",
        "Header",
        "Sidebar",
        "BaseLayout",
        "offset",
        "height",
        "base",
        "md",
        "width",
        "breakpoint",
        "_c",
        "$RefreshReg$"
      ],
      "sources": [
        "/Users/giovannitropea/Desktop/Google Dev Fest/camomilla-template/src/components/BaseLayout/index.tsx"
      ],
      "file": "/Users/giovannitropea/Desktop/Google Dev Fest/camomilla-template/src/components/BaseLayout/index.tsx"
    },
    "_coverageSchema": "1a1c01bbd47fc00a2c39e90264f33305004495a9",
    "hash": "2982f0f6d9df41b7477c1d6f45752d29b31790b3"
  },
  "/Users/giovannitropea/Desktop/Google Dev Fest/camomilla-template/src/pages/Form/index.tsx": {
    "path": "/Users/giovannitropea/Desktop/Google Dev Fest/camomilla-template/src/pages/Form/index.tsx",
    "statementMap": {
      "0": {
        "start": {
          "line": 3,
          "column": 20
        },
        "end": {
          "line": 3,
          "column": 97
        }
      },
      "1": {
        "start": {
          "line": 6,
          "column": 0
        },
        "end": {
          "line": 16,
          "column": 1
        }
      },
      "2": {
        "start": {
          "line": 7,
          "column": 2
        },
        "end": {
          "line": 9,
          "column": 3
        }
      },
      "3": {
        "start": {
          "line": 8,
          "column": 4
        },
        "end": {
          "line": 8,
          "column": 165
        }
      },
      "4": {
        "start": {
          "line": 10,
          "column": 2
        },
        "end": {
          "line": 10,
          "column": 39
        }
      },
      "5": {
        "start": {
          "line": 11,
          "column": 2
        },
        "end": {
          "line": 11,
          "column": 39
        }
      },
      "6": {
        "start": {
          "line": 12,
          "column": 2
        },
        "end": {
          "line": 14,
          "column": 4
        }
      },
      "7": {
        "start": {
          "line": 13,
          "column": 4
        },
        "end": {
          "line": 13,
          "column": 133
        }
      },
      "8": {
        "start": {
          "line": 15,
          "column": 2
        },
        "end": {
          "line": 15,
          "column": 75
        }
      },
      "9": {
        "start": {
          "line": 17,
          "column": 9
        },
        "end": {
          "line": 17,
          "column": 23
        }
      },
      "10": {
        "start": {
          "line": 24,
          "column": 13
        },
        "end": {
          "line": 125,
          "column": 1
        }
      },
      "11": {
        "start": {
          "line": 25,
          "column": 2
        },
        "end": {
          "line": 25,
          "column": 7
        }
      },
      "12": {
        "start": {
          "line": 26,
          "column": 15
        },
        "end": {
          "line": 26,
          "column": 24
        }
      },
      "13": {
        "start": {
          "line": 33,
          "column": 6
        },
        "end": {
          "line": 33,
          "column": 15
        }
      },
      "14": {
        "start": {
          "line": 34,
          "column": 19
        },
        "end": {
          "line": 51,
          "column": 3
        }
      },
      "15": {
        "start": {
          "line": 35,
          "column": 4
        },
        "end": {
          "line": 50,
          "column": 7
        }
      },
      "16": {
        "start": {
          "line": 42,
          "column": 6
        },
        "end": {
          "line": 49,
          "column": 9
        }
      },
      "17": {
        "start": {
          "line": 52,
          "column": 2
        },
        "end": {
          "line": 124,
          "column": 11
        }
      },
      "18": {
        "start": {
          "line": 126,
          "column": 0
        },
        "end": {
          "line": 128,
          "column": 3
        }
      },
      "19": {
        "start": {
          "line": 127,
          "column": 2
        },
        "end": {
          "line": 127,
          "column": 28
        }
      },
      "20": {
        "start": {
          "line": 129,
          "column": 0
        },
        "end": {
          "line": 129,
          "column": 10
        }
      },
      "21": {
        "start": {
          "line": 132,
          "column": 0
        },
        "end": {
          "line": 132,
          "column": 25
        }
      },
      "22": {
        "start": {
          "line": 133,
          "column": 0
        },
        "end": {
          "line": 146,
          "column": 1
        }
      },
      "23": {
        "start": {
          "line": 134,
          "column": 2
        },
        "end": {
          "line": 134,
          "column": 39
        }
      },
      "24": {
        "start": {
          "line": 135,
          "column": 2
        },
        "end": {
          "line": 135,
          "column": 39
        }
      },
      "25": {
        "start": {
          "line": 136,
          "column": 2
        },
        "end": {
          "line": 145,
          "column": 5
        }
      },
      "26": {
        "start": {
          "line": 137,
          "column": 4
        },
        "end": {
          "line": 137,
          "column": 159
        }
      },
      "27": {
        "start": {
          "line": 138,
          "column": 4
        },
        "end": {
          "line": 144,
          "column": 7
        }
      },
      "28": {
        "start": {
          "line": 139,
          "column": 6
        },
        "end": {
          "line": 140,
          "column": 15
        }
      },
      "29": {
        "start": {
          "line": 140,
          "column": 8
        },
        "end": {
          "line": 140,
          "column": 15
        }
      },
      "30": {
        "start": {
          "line": 141,
          "column": 32
        },
        "end": {
          "line": 141,
          "column": 115
        }
      },
      "31": {
        "start": {
          "line": 142,
          "column": 6
        },
        "end": {
          "line": 143,
          "column": 54
        }
      },
      "32": {
        "start": {
          "line": 143,
          "column": 8
        },
        "end": {
          "line": 143,
          "column": 54
        }
      }
    },
    "fnMap": {
      "0": {
        "name": "(anonymous_0)",
        "decl": {
          "start": {
            "line": 12,
            "column": 24
          },
          "end": {
            "line": 12,
            "column": 25
          }
        },
        "loc": {
          "start": {
            "line": 12,
            "column": 38
          },
          "end": {
            "line": 14,
            "column": 3
          }
        },
        "line": 12
      },
      "1": {
        "name": "(anonymous_1)",
        "decl": {
          "start": {
            "line": 24,
            "column": 13
          },
          "end": {
            "line": 24,
            "column": 14
          }
        },
        "loc": {
          "start": {
            "line": 24,
            "column": 19
          },
          "end": {
            "line": 125,
            "column": 1
          }
        },
        "line": 24
      },
      "2": {
        "name": "(anonymous_2)",
        "decl": {
          "start": {
            "line": 34,
            "column": 19
          },
          "end": {
            "line": 34,
            "column": 20
          }
        },
        "loc": {
          "start": {
            "line": 34,
            "column": 29
          },
          "end": {
            "line": 51,
            "column": 3
          }
        },
        "line": 34
      },
      "3": {
        "name": "(anonymous_3)",
        "decl": {
          "start": {
            "line": 41,
            "column": 12
          },
          "end": {
            "line": 41,
            "column": 13
          }
        },
        "loc": {
          "start": {
            "line": 41,
            "column": 18
          },
          "end": {
            "line": 50,
            "column": 5
          }
        },
        "line": 41
      },
      "4": {
        "name": "(anonymous_4)",
        "decl": {
          "start": {
            "line": 126,
            "column": 48
          },
          "end": {
            "line": 126,
            "column": 49
          }
        },
        "loc": {
          "start": {
            "line": 126,
            "column": 59
          },
          "end": {
            "line": 128,
            "column": 1
          }
        },
        "line": 126
      },
      "5": {
        "name": "(anonymous_5)",
        "decl": {
          "start": {
            "line": 136,
            "column": 52
          },
          "end": {
            "line": 136,
            "column": 53
          }
        },
        "loc": {
          "start": {
            "line": 136,
            "column": 72
          },
          "end": {
            "line": 145,
            "column": 3
          }
        },
        "line": 136
      },
      "6": {
        "name": "(anonymous_6)",
        "decl": {
          "start": {
            "line": 138,
            "column": 27
          },
          "end": {
            "line": 138,
            "column": 28
          }
        },
        "loc": {
          "start": {
            "line": 138,
            "column": 44
          },
          "end": {
            "line": 144,
            "column": 5
          }
        },
        "line": 138
      }
    },
    "branchMap": {
      "0": {
        "loc": {
          "start": {
            "line": 3,
            "column": 20
          },
          "end": {
            "line": 3,
            "column": 97
          }
        },
        "type": "binary-expr",
        "locations": [
          {
            "start": {
              "line": 3,
              "column": 20
            },
            "end": {
              "line": 3,
              "column": 60
            }
          },
          {
            "start": {
              "line": 3,
              "column": 64
            },
            "end": {
              "line": 3,
              "column": 97
            }
          }
        ],
        "line": 3
      },
      "1": {
        "loc": {
          "start": {
            "line": 6,
            "column": 0
          },
          "end": {
            "line": 16,
            "column": 1
          }
        },
        "type": "if",
        "locations": [
          {
            "start": {
              "line": 6,
              "column": 0
            },
            "end": {
              "line": 16,
              "column": 1
            }
          },
          {
            "start": {},
            "end": {}
          }
        ],
        "line": 6
      },
      "2": {
        "loc": {
          "start": {
            "line": 6,
            "column": 4
          },
          "end": {
            "line": 6,
            "column": 35
          }
        },
        "type": "binary-expr",
        "locations": [
          {
            "start": {
              "line": 6,
              "column": 4
            },
            "end": {
              "line": 6,
              "column": 19
            }
          },
          {
            "start": {
              "line": 6,
              "column": 23
            },
            "end": {
              "line": 6,
              "column": 35
            }
          }
        ],
        "line": 6
      },
      "3": {
        "loc": {
          "start": {
            "line": 7,
            "column": 2
          },
          "end": {
            "line": 9,
            "column": 3
          }
        },
        "type": "if",
        "locations": [
          {
            "start": {
              "line": 7,
              "column": 2
            },
            "end": {
              "line": 9,
              "column": 3
            }
          },
          {
            "start": {},
            "end": {}
          }
        ],
        "line": 7
      },
      "4": {
        "loc": {
          "start": {
            "line": 73,
            "column": 17
          },
          "end": {
            "line": 75,
            "column": 8
          }
        },
        "type": "binary-expr",
        "locations": [
          {
            "start": {
              "line": 73,
              "column": 17
            },
            "end": {
              "line": 73,
              "column": 29
            }
          },
          {
            "start": {
              "line": 73,
              "column": 33
            },
            "end": {
              "line": 75,
              "column": 8
            }
          }
        ],
        "line": 73
      },
      "5": {
        "loc": {
          "start": {
            "line": 78,
            "column": 15
          },
          "end": {
            "line": 78,
            "column": 46
          }
        },
        "type": "binary-expr",
        "locations": [
          {
            "start": {
              "line": 78,
              "column": 15
            },
            "end": {
              "line": 78,
              "column": 27
            }
          },
          {
            "start": {
              "line": 78,
              "column": 31
            },
            "end": {
              "line": 78,
              "column": 46
            }
          }
        ],
        "line": 78
      },
      "6": {
        "loc": {
          "start": {
            "line": 79,
            "column": 23
          },
          "end": {
            "line": 86,
            "column": 14
          }
        },
        "type": "binary-expr",
        "locations": [
          {
            "start": {
              "line": 79,
              "column": 23
            },
            "end": {
              "line": 79,
              "column": 35
            }
          },
          {
            "start": {
              "line": 79,
              "column": 55
            },
            "end": {
              "line": 86,
              "column": 14
            }
          }
        ],
        "line": 79
      },
      "7": {
        "loc": {
          "start": {
            "line": 133,
            "column": 0
          },
          "end": {
            "line": 146,
            "column": 1
          }
        },
        "type": "if",
        "locations": [
          {
            "start": {
              "line": 133,
              "column": 0
            },
            "end": {
              "line": 146,
              "column": 1
            }
          },
          {
            "start": {},
            "end": {}
          }
        ],
        "line": 133
      },
      "8": {
        "loc": {
          "start": {
            "line": 133,
            "column": 4
          },
          "end": {
            "line": 133,
            "column": 35
          }
        },
        "type": "binary-expr",
        "locations": [
          {
            "start": {
              "line": 133,
              "column": 4
            },
            "end": {
              "line": 133,
              "column": 19
            }
          },
          {
            "start": {
              "line": 133,
              "column": 23
            },
            "end": {
              "line": 133,
              "column": 35
            }
          }
        ],
        "line": 133
      },
      "9": {
        "loc": {
          "start": {
            "line": 139,
            "column": 6
          },
          "end": {
            "line": 140,
            "column": 15
          }
        },
        "type": "if",
        "locations": [
          {
            "start": {
              "line": 139,
              "column": 6
            },
            "end": {
              "line": 140,
              "column": 15
            }
          },
          {
            "start": {},
            "end": {}
          }
        ],
        "line": 139
      },
      "10": {
        "loc": {
          "start": {
            "line": 142,
            "column": 6
          },
          "end": {
            "line": 143,
            "column": 54
          }
        },
        "type": "if",
        "locations": [
          {
            "start": {
              "line": 142,
              "column": 6
            },
            "end": {
              "line": 143,
              "column": 54
            }
          },
          {
            "start": {},
            "end": {}
          }
        ],
        "line": 142
      }
    },
    "s": {
      "0": 7,
      "1": 7,
      "2": 7,
      "3": 0,
      "4": 7,
      "5": 7,
      "6": 7,
      "7": 7,
      "8": 7,
      "9": 7,
      "10": 7,
      "11": 10,
      "12": 10,
      "13": 10,
      "14": 10,
      "15": 1,
      "16": 1,
      "17": 10,
      "18": 7,
      "19": 3,
      "20": 7,
      "21": 7,
      "22": 7,
      "23": 7,
      "24": 7,
      "25": 7,
      "26": 7,
      "27": 7,
      "28": 0,
      "29": 0,
      "30": 0,
      "31": 0,
      "32": 0
    },
    "f": {
      "0": 7,
      "1": 10,
      "2": 1,
      "3": 1,
      "4": 3,
      "5": 7,
      "6": 0
    },
    "b": {
      "0": [
        7,
        0
      ],
      "1": [
        7,
        0
      ],
      "2": [
        7,
        7
      ],
      "3": [
        0,
        7
      ],
      "4": [
        10,
        2
      ],
      "5": [
        10,
        2
      ],
      "6": [
        10,
        2
      ],
      "7": [
        7,
        0
      ],
      "8": [
        7,
        7
      ],
      "9": [
        0,
        0
      ],
      "10": [
        0,
        0
      ]
    },
    "inputSourceMap": {
      "version": 3,
      "mappings": "AA2CQ;;;;;;;;;;;;;;;;;AA3CR,SAASA,QAAQC,WAAWC,UAAUC,OAAOC,cAAcC,WAAWC,WAAW;AACjF,SAASC,yBAAyB;AAClC,SAASC,eAAe;AACxB,SAASC,kBAAkBC,eAAe;AAC1C,SAASC,wBAAwB;AACjC,OAAOC,aAAa;AAQpB,MAAMC,OAAOA,MAAM;AAAAC,KAAA;AACjB,QAAMC,OAAOL,QAAQ;AACrB,QAAM;AAAA,IACJM;AAAAA,IACAC;AAAAA,IACAC,WAAW;AAAA,MAAEC;AAAAA,IAAO;AAAA,EACtB,IAAIX,QAAc;AAElB,QAAMY,WAAWA,CAACC,SAAe;AAC/BC,UAAM,kCAAkC;AAAA,MACtCC,QAAQ;AAAA,MACRC,MAAMC,KAAKC,UAAUL,IAAI;AAAA,MACzBM,SAAS;AAAA,QACP,gBAAgB;AAAA,MAClB;AAAA,IACF,CAAC,EAAEC,KAAK,MAAM;AACZjB,uBAAiB;AAAA,QACfkB,SAASd,KAAKe,cAAc;AAAA,UAC1BC,IAAI;AAAA,QACN,CAAC;AAAA,QACDC,OAAO;AAAA,QACPC,WAAW;AAAA,QACXF,IAAI;AAAA,MACN,CAAC;AAAA,IACH,CAAC;AAAA,EACH;AAEA,SACE,uBAAC,aAAU,GAAE,MAAK,eAAY,aAC5B;AAAA,2BAAC,YAAS,QAAQhB,KAAKe,cAAc;AAAA,MAAEC,IAAI;AAAA,IAAsB,CAAC,GAChE;AAAA,6BAAC,aACC,eAAY,mBACZ,OAAOhB,KAAKe,cAAc;AAAA,QACxBC,IAAI;AAAA,MACN,CAAC,GACD,aAAahB,KAAKe,cAAc;AAAA,QAC9BC,IAAI;AAAA,MACN,CAAC,GACD,aAAahB,KAAKe,cAAc;AAAA,QAC9BC,IAAI;AAAA,MACN,CAAC,GACD,GAAIf,SAAS,MAAM,KAXrB;AAAA;AAAA;AAAA;AAAA,aAWuB;AAAA,MAEvB,uBAAC,aACC,IAAG,MACH,UAAQ,MACR,YAAY;AAAA,QACV,eAAe;AAAA,MACjB,GACA,eAAY,oBACZ,OAAOD,KAAKe,cAAc;AAAA,QACxBC,IAAI;AAAA,MACN,CAAC,GACD,aAAahB,KAAKe,cAAc;AAAA,QAC9BC,IAAI;AAAA,MACN,CAAC,GACD,OACEZ,OAAOe,SACPnB,KAAKe,cAAc;AAAA,QACjBC,IAAI;AAAA,MACN,CAAC,GAEH,aAAahB,KAAKe,cAAc;AAAA,QAC9BC,IAAI;AAAA,MACN,CAAC,GACD,YAAY;AAAA,QAAEI,OAAOhB,OAAOe,SAAStB,QAAQwB;AAAAA,MAAQ,GACrD,cACEjB,OAAOe,SACL,uBAAC,qBACC,QAAQ,KACR,OAAO;AAAA,QAAEG,OAAO/B,IAAI,EAAE;AAAA,QAAGgC,QAAQhC,IAAI,EAAE;AAAA,MAAE,GACzC,WAAWM,QAAQ2B,QAHrB;AAAA;AAAA;AAAA;AAAA,aAG0B,GAI9B,GAAIvB,SAAS,SAAS;AAAA,QAAEwB,UAAU;AAAA,MAAK,CAAC,KAhC1C;AAAA;AAAA;AAAA;AAAA,aAgC4C;AAAA,MAE5C,uBAAC,gBACC,IAAG,MACH,UAAQ,MACR,eAAY,wBACZ,OAAOzB,KAAKe,cAAc;AAAA,QAAEC,IAAI;AAAA,MAA6B,CAAC,GAC9D,MAAM,CAAC,SAAS,WAAW,UAAU,OAAO,kCAAkC,GAC9E,GAAIf,SAAS,aAAa;AAAA,QAAEwB,UAAU;AAAA,MAAK,CAAC,KAN9C;AAAA;AAAA;AAAA;AAAA,aAMgD;AAAA,SAtDlD;AAAA;AAAA;AAAA;AAAA,WAwDA;AAAA,IACA,uBAAC,SAAM,IAAG,MAAK,SAAQ,UACrB,iCAAC,UAAO,eAAY,qBAAoB,SAASvB,aAAaG,QAAQ,GAAG,MAAK,MAC5E,iCAAC,oBAAiB,IAAG,wBAArB;AAAA;AAAA;AAAA;AAAA,WAAyC,KAD3C;AAAA;AAAA;AAAA;AAAA,WAEA,KAHF;AAAA;AAAA;AAAA;AAAA,WAIA;AAAA,OA9DF;AAAA;AAAA;AAAA;AAAA,SA+DA;AAEJ;AAAEN,GA7FID,MAAI;AAAA,UACKH,SAKTF,OAAO;AAAA;AAAAiC,KANP5B;AA+FN,eAAeA;AAAK,IAAA4B;AAAAC,aAAAD,IAAA",
      "names": [
        "Button",
        "Container",
        "Fieldset",
        "Group",
        "NativeSelect",
        "TextInput",
        "rem",
        "IconAlertTriangle",
        "useForm",
        "FormattedMessage",
        "useIntl",
        "showNotification",
        "classes",
        "Form",
        "_s",
        "intl",
        "register",
        "handleSubmit",
        "formState",
        "errors",
        "onSubmit",
        "data",
        "fetch",
        "method",
        "body",
        "JSON",
        "stringify",
        "headers",
        "then",
        "message",
        "formatMessage",
        "id",
        "color",
        "autoClose",
        "email",
        "input",
        "invalid",
        "width",
        "height",
        "icon",
        "required",
        "_c",
        "$RefreshReg$"
      ],
      "sources": [
        "/Users/giovannitropea/Desktop/Google Dev Fest/camomilla-template/src/pages/Form/index.tsx"
      ],
      "file": "/Users/giovannitropea/Desktop/Google Dev Fest/camomilla-template/src/pages/Form/index.tsx"
    },
    "_coverageSchema": "1a1c01bbd47fc00a2c39e90264f33305004495a9",
    "hash": "2765095f28bd1667cb7dcdf4c7fca922371f5a55"
  },
  "/Users/giovannitropea/Desktop/Google Dev Fest/camomilla-template/src/pages/Table/utils/index.tsx": {
    "path": "/Users/giovannitropea/Desktop/Google Dev Fest/camomilla-template/src/pages/Table/utils/index.tsx",
    "statementMap": {
      "0": {
        "start": {
          "line": 2,
          "column": 26
        },
        "end": {
          "line": 5,
          "column": 1
        }
      },
      "1": {
        "start": {
          "line": 3,
          "column": 16
        },
        "end": {
          "line": 3,
          "column": 43
        }
      },
      "2": {
        "start": {
          "line": 4,
          "column": 2
        },
        "end": {
          "line": 4,
[...]
        "locations": [
          {
            "start": {
              "line": 69,
              "column": 4
            },
            "end": {
              "line": 69,
              "column": 19
            }
          },
          {
            "start": {
              "line": 69,
              "column": 23
            },
            "end": {
              "line": 69,
              "column": 35
            }
          }
        ],
        "line": 69
      },
      "6": {
        "loc": {
          "start": {
            "line": 75,
            "column": 6
          },
          "end": {
            "line": 76,
            "column": 15
          }
        },
        "type": "if",
        "locations": [
          {
            "start": {
              "line": 75,
              "column": 6
            },
            "end": {
              "line": 76,
              "column": 15
            }
          },
          {
            "start": {},
            "end": {}
          }
        ],
        "line": 75
      },
      "7": {
        "loc": {
          "start": {
            "line": 78,
            "column": 6
          },
          "end": {
            "line": 79,
            "column": 54
          }
        },
        "type": "if",
        "locations": [
          {
            "start": {
              "line": 78,
              "column": 6
            },
            "end": {
              "line": 79,
              "column": 54
            }
          },
          {
            "start": {},
            "end": {}
          }
        ],
        "line": 78
      }
    },
    "s": {
      "0": 7,
      "1": 7,
      "2": 7,
      "3": 0,
      "4": 7,
      "5": 7,
      "6": 7,
      "7": 7,
      "8": 7,
      "9": 7,
      "10": 14,
      "11": 7,
      "12": 7,
      "13": 7,
      "14": 7,
      "15": 7,
      "16": 7,
      "17": 6,
      "18": 6,
      "19": 0,
      "20": 0,
      "21": 0,
      "22": 0,
      "23": 0
    },
    "f": {
      "0": 7,
      "1": 14,
      "2": 6,
      "3": 0
    },
    "b": {
      "0": [
        7,
        0
      ],
      "1": [
        7,
        0
      ],
      "2": [
        7,
        7
      ],
      "3": [
        0,
        7
      ],
      "4": [
        7,
        0
      ],
      "5": [
        7,
        7
      ],
      "6": [
        0,
        0
      ],
      "7": [
        0,
        0
      ]
    },
    "inputSourceMap": {
      "version": 3,
      "mappings": "AASa;AATb,2BAASA;AAA+BC,oBAAsB,6BAAkB;AAAA;AAAA;AAAA;AAAA;AAAA;AAAA;AAAA;AAAA;AAAA;AAAA;AAAA;AAAA;AAAA;AAAA;AAChF,OAAOC,gBAAgB;AACvB,OAAOC,UAAU;AACjB,SAASC,iBAAiB;AAC1B,OAAOC,eAAe;AAEtB,MAAMC,SAASN,oBAAoB,CACjC;AAAA,EACEO,MAAM;AAAA,EACNC,SAAS,uBAAC,gBAAD;AAAA;AAAA;AAAA;AAAA,SAAW;AAAA,EACpBC,UAAU,CACR;AAAA,IAAEC,OAAO;AAAA,IAAMF,SAAS,uBAAC,YAAS,IAAG,gBAAb;AAAA;AAAA;AAAA;AAAA,WAAyB;AAAA,EAAI,GACrD;AAAA,IACED,MAAM;AAAA,IACNC,SAAS,uBAAC,eAAD;AAAA;AAAA;AAAA;AAAA,WAAU;AAAA,EACrB,GACA;AAAA,IACED,MAAM;AAAA,IACNC,SAAS,uBAAC,UAAD;AAAA;AAAA;AAAA;AAAA,WAAK;AAAA,EAChB,GACA;AAAA,IACED,MAAM;AAAA,IACNC,SAAS,uBAAC,eAAD;AAAA;AAAA;AAAA;AAAA,WAAU;AAAA,EACrB,CAAC;AAEL,CAAC,CACF;AAEM,gBAASG,SAAS;AACvB,SAAO,uBAAC,kBAAe,UAAhB;AAAA;AAAA;AAAA;AAAA,SAA+B;AACxC;AAACC,KAFeD;AAAM,IAAAC;AAAAC,aAAAD,IAAA",
      "names": [
        "createBrowserRouter",
        "RouterProvider",
        "BaseLayout",
        "Form",
        "TableSort",
        "Dashboard",
        "router",
        "path",
        "element",
        "children",
        "index",
        "Router",
        "_c",
        "$RefreshReg$"
      ],
      "sources": [
        "/Users/giovannitropea/Desktop/Google Dev Fest/camomilla-template/src/Router.tsx"
      ],
      "file": "/Users/giovannitropea/Desktop/Google Dev Fest/camomilla-template/src/Router.tsx"
    },
    "_coverageSchema": "1a1c01bbd47fc00a2c39e90264f33305004495a9",
    "hash": "7a4928a070634b73b8511533aa460a320ed58f24"
  },
  "/Users/giovannitropea/Desktop/Google Dev Fest/camomilla-template/src/theme.ts": {
    "path": "/Users/giovannitropea/Desktop/Google Dev Fest/camomilla-template/src/theme.ts",
    "statementMap": {
      "0": {
        "start": {
          "line": 2,
          "column": 21
        },
        "end": {
          "line": 4,
          "column": 2
        }
      }
    },
    "fnMap": {},
    "branchMap": {},
    "s": {
      "0": 7
    },
    "f": {},
    "b": {},
    "inputSourceMap": {
      "version": 3,
      "sources": [
        "/Users/giovannitropea/Desktop/Google Dev Fest/camomilla-template/src/theme.ts"
      ],
      "mappings": "AAAA,SAAS,mBAAmB;AAErB,aAAM,QAAQ,YAAY;AAAA;AAEjC,CAAC;",
      "names": []
    },
    "_coverageSchema": "1a1c01bbd47fc00a2c39e90264f33305004495a9",
    "hash": "03249103ef3fd41edfe99beac2d620f40cfc37ad"
  },
  "/Users/giovannitropea/Desktop/Google Dev Fest/camomilla-template/src/translations/index.ts": {
    "path": "/Users/giovannitropea/Desktop/Google Dev Fest/camomilla-template/src/translations/index.ts",
    "statementMap": {
      "0": {
        "start": {
          "line": 2,
          "column": 28
        },
        "end": {
          "line": 4,
          "column": 1
        }
      }
    },
    "fnMap": {},
    "branchMap": {},
    "s": {
      "0": 7
    },
    "f": {},
    "b": {},
    "inputSourceMap": {
      "version": 3,
      "sources": [
        "/Users/giovannitropea/Desktop/Google Dev Fest/camomilla-template/src/translations/index.ts"
      ],
      "mappings": "AAAA,OAAO,oBAAoB;AAKpB,aAAM,eAA4D;AAAA,EACvE,IAAI;AACN;",
      "names": []
    },
    "_coverageSchema": "1a1c01bbd47fc00a2c39e90264f33305004495a9",
    "hash": "2a37f0e37addcf93caa4084cbeccad6fc88e142b"
  },
  "/Users/giovannitropea/Desktop/Google Dev Fest/camomilla-template/src/App.tsx": {
    "path": "/Users/giovannitropea/Desktop/Google Dev Fest/camomilla-template/src/App.tsx",
    "statementMap": {
      "0": {
        "start": {
          "line": 3,
          "column": 20
        },
        "end": {
          "line": 3,
          "column": 97
        }
      },
      "1": {
        "start": {
          "line": 6,
          "column": 0
        },
        "end": {
          "line": 16,
          "column": 1
        }
      },
      "2": {
        "start": {
          "line": 7,
          "column": 2
        },
        "end": {
          "line": 9,
          "column": 3
        }
      },
      "3": {
        "start": {
          "line": 8,
          "column": 4
        },
        "end": {
          "line": 8,
          "column": 165
        }
      },
      "4": {
        "start": {
          "line": 10,
          "column": 2
        },
        "end": {
          "line": 10,
          "column": 39
        }
      },
      "5": {
        "start": {
          "line": 11,
          "column": 2
        },
        "end": {
          "line": 11,
          "column": 39
        }
      },
      "6": {
        "start": {
          "line": 12,
          "column": 2
        },
        "end": {
          "line": 14,
          "column": 4
        }
      },
      "7": {
        "start": {
          "line": 13,
          "column": 4
        },
        "end": {
          "line": 13,
          "column": 120
        }
      },
      "8": {
        "start": {
          "line": 15,
          "column": 2
        },
        "end": {
          "line": 15,
          "column": 75
        }
      },
      "9": {
        "start": {
          "line": 28,
          "column": 19
        },
        "end": {
          "line": 28,
          "column": 39
        }
      },
      "10": {
        "start": {
          "line": 29,
          "column": 2
        },
        "end": {
          "line": 52,
          "column": 11
        }
      },
      "11": {
        "start": {
          "line": 54,
          "column": 0
        },
        "end": {
          "line": 54,
          "column": 9
        }
      },
      "12": {
        "start": {
          "line": 56,
          "column": 0
        },
        "end": {
          "line": 56,
          "column": 24
        }
      },
      "13": {
        "start": {
          "line": 57,
          "column": 0
        },
        "end": {
          "line": 70,
          "column": 1
        }
      },
      "14": {
        "start": {
          "line": 58,
          "column": 2
        },
        "end": {
          "line": 58,
          "column": 39
        }
      },
      "15": {
        "start": {
          "line": 59,
          "column": 2
        },
        "end": {
          "line": 59,
          "column": 39
        }
      },
      "16": {
        "start": {
          "line": 60,
          "column": 2
        },
        "end": {
          "line": 69,
          "column": 5
        }
      },
      "17": {
        "start": {
          "line": 61,
          "column": 4
        },
        "end": {
          "line": 61,
          "column": 146
        }
      },
      "18": {
        "start": {
          "line": 62,
          "column": 4
        },
        "end": {
          "line": 68,
          "column": 7
        }
      },
      "19": {
        "start": {
          "line": 63,
          "column": 6
        },
        "end": {
          "line": 64,
          "column": 15
        }
      },
      "20": {
        "start": {
          "line": 64,
          "column": 8
        },
        "end": {
          "line": 64,
          "column": 15
        }
      },
      "21": {
        "start": {
          "line": 65,
          "column": 32
        },
        "end": {
          "line": 65,
          "column": 115
        }
      },
      "22": {
        "start": {
          "line": 66,
          "column": 6
        },
        "end": {
          "line": 67,
          "column": 54
        }
      },
      "23": {
        "start": {
          "line": 67,
          "column": 8
        },
        "end": {
          "line": 67,
          "column": 54
        }
      }
    },
    "fnMap": {
      "0": {
        "name": "(anonymous_0)",
        "decl": {
          "start": {
            "line": 12,
            "column": 24
          },
          "end": {
            "line": 12,
            "column": 25
          }
        },
        "loc": {
          "start": {
            "line": 12,
            "column": 38
          },
          "end": {
            "line": 14,
            "column": 3
          }
        },
        "line": 12
      },
      "1": {
        "name": "App",
        "decl": {
          "start": {
            "line": 25,
            "column": 24
          },
          "end": {
            "line": 25,
            "column": 27
          }
        },
        "loc": {
          "start": {
            "line": 27,
            "column": 3
          },
          "end": {
            "line": 53,
            "column": 1
          }
        },
        "line": 27
      },
      "2": {
        "name": "(anonymous_2)",
        "decl": {
          "start": {
            "line": 60,
            "column": 52
          },
          "end": {
            "line": 60,
            "column": 53
          }
        },
        "loc": {
          "start": {
            "line": 60,
            "column": 72
          },
          "end": {
            "line": 69,
            "column": 3
          }
        },
        "line": 60
      },
      "3": {
        "name": "(anonymous_3)",
        "decl": {
          "start": {
            "line": 62,
            "column": 27
          },
          "end": {
            "line": 62,
            "column": 28
          }
        },
        "loc": {
          "start": {
            "line": 62,
            "column": 44
          },
          "end": {
            "line": 68,
            "column": 5
          }
        },
        "line": 62
      }
    },
    "branchMap": {
      "0": {
        "loc": {
          "start": {
            "line": 3,
            "column": 20
          },
          "end": {
            "line": 3,
            "column": 97
          }
        },
        "type": "binary-expr",
        "locations": [
          {
            "start": {
              "line": 3,
              "column": 20
            },
            "end": {
              "line": 3,
              "column": 60
            }
          },
          {
            "start": {
              "line": 3,
              "column": 64
            },
            "end": {
              "line": 3,
              "column": 97
            }
          }
        ],
        "line": 3
      },
      "1": {
        "loc": {
          "start": {
            "line": 6,
            "column": 0
          },
          "end": {
            "line": 16,
            "column": 1
          }
        },
        "type": "if",
        "locations": [
          {
            "start": {
              "line": 6,
              "column": 0
            },
            "end": {
              "line": 16,
              "column": 1
            }
          },
          {
            "start": {},
            "end": {}
          }
        ],
        "line": 6
      },
      "2": {
        "loc": {
          "start": {
            "line": 6,
            "column": 4
          },
          "end": {
            "line": 6,
            "column": 35
          }
        },
        "type": "binary-expr",
        "locations": [
          {
            "start": {
              "line": 6,
              "column": 4
            },
            "end": {
              "line": 6,
              "column": 19
            }
          },
          {
            "start": {
              "line": 6,
              "column": 23
            },
            "end": {
              "line": 6,
              "column": 35
            }
          }
        ],
        "line": 6
      },
      "3": {
        "loc": {
          "start": {
            "line": 7,
            "column": 2
          },
          "end": {
            "line": 9,
            "column": 3
          }
        },
        "type": "if",
        "locations": [
          {
            "start": {
              "line": 7,
              "column": 2
            },
            "end": {
              "line": 9,
              "column": 3
            }
          },
          {
            "start": {},
            "end": {}
          }
        ],
        "line": 7
      },
      "4": {
        "loc": {
          "start": {
            "line": 57,
            "column": 0
          },
          "end": {
            "line": 70,
            "column": 1
          }
        },
        "type": "if",
        "locations": [
          {
            "start": {
              "line": 57,
              "column": 0
            },
            "end": {
              "line": 70,
              "column": 1
            }
          },
          {
            "start": {},
            "end": {}
          }
        ],
        "line": 57
      },
      "5": {
        "loc": {
          "start": {
            "line": 57,
            "column": 4
          },
          "end": {
            "line": 57,
            "column": 35
          }
        },
        "type": "binary-expr",
        "locations": [
          {
            "start": {
              "line": 57,
              "column": 4
            },
            "end": {
              "line": 57,
              "column": 19
            }
          },
          {
            "start": {
              "line": 57,
              "column": 23
            },
            "end": {
              "line": 57,
              "column": 35
            }
          }
        ],
        "line": 57
      },
      "6": {
        "loc": {
          "start": {
            "line": 63,
            "column": 6
          },
          "end": {
            "line": 64,
            "column": 15
          }
        },
        "type": "if",
        "locations": [
          {
            "start": {
              "line": 63,
              "column": 6
            },
            "end": {
              "line": 64,
              "column": 15
            }
          },
          {
            "start": {},
            "end": {}
          }
        ],
        "line": 63
      },
      "7": {
        "loc": {
          "start": {
            "line": 66,
            "column": 6
          },
          "end": {
            "line": 67,
            "column": 54
          }
        },
        "type": "if",
        "locations": [
          {
            "start": {
              "line": 66,
              "column": 6
            },
            "end": {
              "line": 67,
              "column": 54
            }
          },
          {
            "start": {},
            "end": {}
          }
        ],
        "line": 66
      }
    },
    "s": {
      "0": 7,
      "1": 7,
      "2": 7,
      "3": 0,
      "4": 7,
      "5": 7,
      "6": 7,
      "7": 7,
      "8": 7,
      "9": 14,
      "10": 14,
      "11": 7,
      "12": 7,
      "13": 7,
      "14": 7,
      "15": 7,
      "16": 7,
      "17": 6,
      "18": 6,
      "19": 0,
      "20": 0,
      "21": 0,
      "22": 0,
      "23": 0
    },
    "f": {
      "0": 7,
      "1": 14,
      "2": 6,
      "3": 0
    },
    "b": {
      "0": [
        7,
        0
      ],
      "1": [
        7,
        0
      ],
      "2": [
        7,
        7
      ],
      "3": [
        0,
        7
      ],
      "4": [
        7,
        0
      ],
      "5": [
        7,
        7
      ],
      "6": [
        0,
        0
      ],
      "7": [
        0,
        0
      ]
    },
    "inputSourceMap": {
      "version": 3,
      "mappings": "AAoBU;AApBV,OAAO,oBAAoB;AAAA;AAAA;AAAA;AAAA;AAAA;AAAA;AAAA;AAAA;AAAA;AAAA;AAAA;AAAA;AAAA;AAAA;AAAA;AAC3B,SAASA,uBAAuB;AAChC,SAASC,oBAAoB;AAC7B,SAASC,sBAAsB;AAC/B,SAASC,qBAAqB;AAC9B,SAASC,cAAc;AACvB,SAASC,aAAa;AACtB,SAAiBC,oBAAoB;AAMrC,wBAAwBC,IAAI;AAAA,EAAEC;AAAc,GAAG;AAC7C,QAAMC,WAAWH,aAAaE,MAAM;AAEpC,SACE,uBAAC,gBAAa,QAAgB,UAC5B,iCAAC,mBAAgB,OACf,iCAAC,kBACC;AAAA,2BAAC,iBAAc,UAAS,eAAxB;AAAA;AAAA;AAAA;AAAA,WAAmC;AAAA,IACnC,uBAAC,YAAD;AAAA;AAAA;AAAA;AAAA,WAAO;AAAA,OAFT;AAAA;AAAA;AAAA;AAAA,SAGA,KAJF;AAAA;AAAA;AAAA;AAAA,SAKA,KANF;AAAA;AAAA;AAAA;AAAA,SAOA;AAEJ;AAACE,KAbuBH;AAAG,IAAAG;AAAAC,aAAAD,IAAA",
      "names": [
        "MantineProvider",
        "IntlProvider",
        "ModalsProvider",
        "Notifications",
        "Router",
        "theme",
        "translations",
        "App",
        "locale",
        "messages",
        "_c",
        "$RefreshReg$"
      ],
      "sources": [
        "/Users/giovannitropea/Desktop/Google Dev Fest/camomilla-template/src/App.tsx"
      ],
      "file": "/Users/giovannitropea/Desktop/Google Dev Fest/camomilla-template/src/App.tsx"
    },
    "_coverageSchema": "1a1c01bbd47fc00a2c39e90264f33305004495a9",
    "hash": "2e5b570e72440f9d6c19cec94a5f8f0272d27ac2"
  },
  "/Users/giovannitropea/Desktop/Google Dev Fest/camomilla-template/src/main.tsx": {
    "path": "/Users/giovannitropea/Desktop/Google Dev Fest/camomilla-template/src/main.tsx",
    "statementMap": {
      "0": {
        "start": {
          "line": 5,
          "column": 0
        },
        "end": {
          "line": 13,
          "column": 10
        }
      }
    },
    "fnMap": {},
    "branchMap": {},
    "s": {
      "0": 7
    },
    "f": {},
    "b": {},
    "inputSourceMap": {
      "version": 3,
      "mappings": "AAMI;AANJ,OAAOA,cAAc;AACrB,SAASC,kBAAkB;AAC3B,OAAOC,SAAS;AAEhBF,SAASG,WAAWC,SAASC,eAAe,MAAM,CAAE,EAAEC,OACpD,uBAAC,cACC,iCAAC,OAAI,QAAO,QAAZ;AAAA;AAAA;AAAA;AAAA,OAAgB,KADlB;AAAA;AAAA;AAAA;AAAA,OAEA,CACF",
      "names": [
        "ReactDOM",
        "StrictMode",
        "App",
        "createRoot",
        "document",
        "getElementById",
        "render"
      ],
      "sources": [
        "/Users/giovannitropea/Desktop/Google Dev Fest/camomilla-template/src/main.tsx"
      ],
      "file": "/Users/giovannitropea/Desktop/Google Dev Fest/camomilla-template/src/main.tsx"
    },
    "_coverageSchema": "1a1c01bbd47fc00a2c39e90264f33305004495a9",
    "hash": "bdcdb7371e87193f9bec05abf9d2d26f0f403dfc"
  }
}