<?xml version="1.0" encoding="UTF-8"?>
<coverage generated="1698855419355" clover="3.2.0">
  <project timestamp="1698855419355" name="All files">
    <metrics statements="99" coveredstatements="94" conditionals="48" coveredconditionals="40" methods="39" coveredmethods="35" elements="186" coveredelements="169" complexity="0" loc="99" ncloc="99" packages="11" files="14" classes="14"/>
    <package name="src">
      <metrics statements="12" coveredstatements="12" conditionals="8" coveredconditionals="7" methods="4" coveredmethods="4"/>
      <file name="App.tsx" path="/Users/giovannitropea/Desktop/Google Dev Fest/camomilla-template/src/App.tsx">
        <metrics statements="5" coveredstatements="5" conditionals="3" coveredconditionals="3" methods="2" coveredmethods="2"/>
        <line num="1" count="56" type="cond" truecount="3" falsecount="0"/>
        <line num="14" count="7" type="stmt"/>
        <line num="15" count="14" type="stmt"/>
        <line num="17" count="14" type="stmt"/>
        <line num="27" count="7" type="stmt"/>
      </file>
      <file name="Router.tsx" path="/Users/giovannitropea/Desktop/Google Dev Fest/camomilla-template/src/Router.tsx">
        <metrics statements="5" coveredstatements="5" conditionals="5" coveredconditionals="4" methods="2" coveredmethods="2"/>
        <line num="1" count="49" type="cond" truecount="4" falsecount="1"/>
        <line num="7" count="7" type="stmt"/>
        <line num="29" count="7" type="stmt"/>
        <line num="30" count="14" type="stmt"/>
        <line num="31" count="7" type="stmt"/>
      </file>
      <file name="main.tsx" path="/Users/giovannitropea/Desktop/Google Dev Fest/camomilla-template/src/main.tsx">
        <metrics statements="1" coveredstatements="1" conditionals="0" coveredconditionals="0" methods="0" coveredmethods="0"/>
        <line num="5" count="7" type="stmt"/>
      </file>
      <file name="theme.ts" path="/Users/giovannitropea/Desktop/Google Dev Fest/camomilla-template/src/theme.ts">
        <metrics statements="1" coveredstatements="1" conditionals="0" coveredconditionals="0" methods="0" coveredmethods="0"/>
        <line num="3" count="7" type="stmt"/>
      </file>
    </package>
    <package name="src.components.BaseLayout">
      <metrics statements="5" coveredstatements="5" conditionals="3" coveredconditionals="3" methods="2" coveredmethods="2"/>
      <file name="index.tsx" path="/Users/giovannitropea/Desktop/Google Dev Fest/camomilla-template/src/components/BaseLayout/index.tsx">
        <metrics statements="5" coveredstatements="5" conditionals="3" coveredconditionals="3" methods="2" coveredmethods="2"/>
        <line num="1" count="56" type="cond" truecount="3" falsecount="0"/>
        <line num="6" count="7" type="stmt"/>
        <line num="7" count="14" type="stmt"/>
        <line num="20" count="7" type="stmt"/>
        <line num="22" count="7" type="stmt"/>
      </file>
    </package>
    <package name="src.components.BaseLayout.components.Header">
      <metrics statements="6" coveredstatements="5" conditionals="2" coveredconditionals="1" methods="3" coveredmethods="2"/>
      <file name="index.tsx" path="/Users/giovannitropea/Desktop/Google Dev Fest/camomilla-template/src/components/BaseLayout/components/Header/index.tsx">
        <metrics statements="6" coveredstatements="5" conditionals="2" coveredconditionals="1" methods="3" coveredmethods="2"/>
        <line num="5" count="28" type="stmt"/>
        <line num="6" count="28" type="stmt"/>
        <line num="8" count="28" type="stmt"/>
        <line num="25" count="0" type="stmt"/>
        <line num="33" count="7" type="stmt"/>
        <line num="35" count="7" type="stmt"/>
      </file>
    </package>
    <package name="src.components.BaseLayout.components.Sidebar">
      <metrics statements="7" coveredstatements="7" conditionals="3" coveredconditionals="3" methods="3" coveredmethods="3"/>
      <file name="index.tsx" path="/Users/giovannitropea/Desktop/Google Dev Fest/camomilla-template/src/components/BaseLayout/components/Sidebar/index.tsx">
        <metrics statements="7" coveredstatements="7" conditionals="3" coveredconditionals="3" methods="3" coveredmethods="3"/>
        <line num="1" count="56" type="cond" truecount="3" falsecount="0"/>
        <line num="6" count="7" type="stmt"/>
        <line num="7" count="14" type="stmt"/>
        <line num="25" count="14" type="stmt"/>
        <line num="28" count="42" type="stmt"/>
        <line num="32" count="7" type="stmt"/>
        <line num="34" count="7" type="stmt"/>
      </file>
    </package>
    <package name="src.components.BaseLayout.components.Sidebar.components">
      <metrics statements="6" coveredstatements="6" conditionals="5" coveredconditionals="5" methods="3" coveredmethods="3"/>
      <file name="index.tsx" path="/Users/giovannitropea/Desktop/Google Dev Fest/camomilla-template/src/components/BaseLayout/components/Sidebar/components/index.tsx">
        <metrics statements="6" coveredstatements="6" conditionals="5" coveredconditionals="5" methods="3" coveredmethods="3"/>
        <line num="1" count="56" type="cond" truecount="3" falsecount="0"/>
        <line num="8" count="7" type="stmt"/>
        <line num="9" count="42" type="stmt"/>
        <line num="12" count="42" type="cond" truecount="2" falsecount="0"/>
        <line num="23" count="7" type="stmt"/>
        <line num="25" count="7" type="stmt"/>
      </file>
    </package>
    <package name="src.pages.Dashboard">
      <metrics statements="5" coveredstatements="4" conditionals="5" coveredconditionals="4" methods="2" coveredmethods="1"/>
      <file name="index.tsx" path="/Users/giovannitropea/Desktop/Google Dev Fest/camomilla-template/src/pages/Dashboard/index.tsx">
        <metrics statements="5" coveredstatements="4" conditionals="5" coveredconditionals="4" methods="2" coveredmethods="1"/>
        <line num="1" count="49" type="cond" truecount="4" falsecount="1"/>
        <line num="5" count="7" type="stmt"/>
        <line num="6" count="0" type="stmt"/>
        <line num="27" count="7" type="stmt"/>
        <line num="29" count="7" type="stmt"/>
      </file>
    </package>
    <package name="src.pages.Form">
      <metrics statements="9" coveredstatements="9" conditionals="6" coveredconditionals="6" methods="4" coveredmethods="4"/>
      <file name="index.tsx" path="/Users/giovannitropea/Desktop/Google Dev Fest/camomilla-template/src/pages/Form/index.tsx">
        <metrics statements="9" coveredstatements="9" conditionals="6" coveredconditionals="6" methods="4" coveredmethods="4"/>
        <line num="14" count="10" type="stmt"/>
        <line num="15" count="10" type="stmt"/>
        <line num="20" count="10" type="stmt"/>
        <line num="22" count="10" type="stmt"/>
        <line num="23" count="1" type="stmt"/>
        <line num="30" count="1" type="stmt"/>
        <line num="41" count="10" type="stmt"/>
        <line num="107" count="7" type="stmt"/>
        <line num="109" count="7" type="stmt"/>
      </file>
    </package>
    <package name="src.pages.Table">
      <metrics statements="30" coveredstatements="28" conditionals="5" coveredconditionals="3" methods="11" coveredmethods="9"/>
      <file name="index.tsx" path="/Users/giovannitropea/Desktop/Google Dev Fest/camomilla-template/src/pages/Table/index.tsx">
        <metrics statements="30" coveredstatements="28" conditionals="5" coveredconditionals="3" methods="11" coveredmethods="9"/>
        <line num="8" count="46" type="stmt"/>
        <line num="9" count="46" type="stmt"/>
        <line num="10" count="46" type="stmt"/>
        <line num="11" count="46" type="stmt"/>
        <line num="12" count="46" type="stmt"/>
        <line num="13" count="46" type="stmt"/>
        <line num="15" count="46" type="stmt"/>
        <line num="16" count="8" type="stmt"/>
        <line num="17" count="8" type="stmt"/>
        <line num="19" count="8" type="stmt"/>
        <line num="20" count="8" type="stmt"/>
        <line num="24" count="46" type="stmt"/>
        <line num="25" count="8" type="stmt"/>
        <line num="28" count="46" type="cond" truecount="1" falsecount="0"/>
        <line num="30" count="38" type="stmt"/>
        <line num="31" count="1" type="cond" truecount="1" falsecount="1"/>
        <line num="32" count="1" type="stmt"/>
        <line num="33" count="1" type="stmt"/>
        <line num="34" count="1" type="stmt"/>
        <line num="37" count="38" type="stmt"/>
        <line num="38" count="11" type="stmt"/>
        <line num="39" count="11" type="stmt"/>
        <line num="40" count="11" type="stmt"/>
        <line num="43" count="38" type="stmt"/>
        <line num="44" count="112" type="stmt"/>
        <line num="51" count="38" type="stmt"/>
        <line num="68" count="1" type="stmt"/>
        <line num="76" count="0" type="stmt"/>
        <line num="84" count="0" type="stmt"/>
        <line num="106" count="7" type="stmt"/>
      </file>
    </package>
    <package name="src.pages.Table.components.Th">
      <metrics statements="6" coveredstatements="6" conditionals="9" coveredconditionals="7" methods="2" coveredmethods="2"/>
      <file name="index.tsx" path="/Users/giovannitropea/Desktop/Google Dev Fest/camomilla-template/src/pages/Table/components/Th/index.tsx">
        <metrics statements="6" coveredstatements="6" conditionals="9" coveredconditionals="7" methods="2" coveredmethods="2"/>
        <line num="1" count="49" type="cond" truecount="4" falsecount="1"/>
        <line num="13" count="7" type="stmt"/>
        <line num="14" count="114" type="cond" truecount="3" falsecount="1"/>
        <line num="15" count="114" type="stmt"/>
        <line num="29" count="7" type="stmt"/>
        <line num="31" count="7" type="stmt"/>
      </file>
    </package>
    <package name="src.pages.Table.utils">
      <metrics statements="12" coveredstatements="11" conditionals="2" coveredconditionals="1" methods="5" coveredmethods="5"/>
      <file name="index.tsx" path="/Users/giovannitropea/Desktop/Google Dev Fest/camomilla-template/src/pages/Table/utils/index.tsx">
        <metrics statements="12" coveredstatements="11" conditionals="2" coveredconditionals="1" methods="5" coveredmethods="5"/>
        <line num="4" count="7" type="stmt"/>
        <line num="5" count="12" type="stmt"/>
        <line num="6" count="12" type="stmt"/>
        <line num="7" count="100" type="stmt"/>
        <line num="11" count="7" type="stmt"/>
        <line num="15" count="12" type="stmt"/>
        <line num="17" count="12" type="cond" truecount="1" falsecount="0"/>
        <line num="18" count="11" type="stmt"/>
        <line num="21" count="1" type="stmt"/>
        <line num="23" count="5" type="cond" truecount="0" falsecount="1"/>
        <line num="24" count="0" type="stmt"/>
        <line num="27" count="5" type="stmt"/>
      </file>
    </package>
    <package name="src.translations">
      <metrics statements="1" coveredstatements="1" conditionals="0" coveredconditionals="0" methods="0" coveredmethods="0"/>
      <file name="index.ts" path="/Users/giovannitropea/Desktop/Google Dev Fest/camomilla-template/src/translations/index.ts">
        <metrics statements="1" coveredstatements="1" conditionals="0" coveredconditionals="0" methods="0" coveredmethods="0"/>
        <line num="6" count="7" type="stmt"/>
      </file>
    </package>
  </project>
</coverage>
