{"/Users/giovannitropea/Desktop/Google Dev Fest/camomilla-template/src/App.tsx": {"path":"/Users/giovannitropea/Desktop/Google Dev Fest/camomilla-template/src/App.tsx","statementMap":{"0":{"start":{"line":1,"column":27},"end":{"line":1,"column":null}},"1":{"start":{"line":15,"column":19},"end":{"line":15,"column":null}},"2":{"start":{"line":17,"column":2},"end":{"line":25,"column":null}},"3":{"start":{"line":27,"column":1},"end":{"line":14,"column":27}},"4":{"start":{"line":14,"column":27},"end":{"line":14,"column":28}}},"fnMap":{"0":{"name":"(anonymous_0)","decl":{"start":{"line":1,"column":27},"end":{"line":1,"column":null}},"loc":{"start":{"line":1,"column":27},"end":{"line":1,"column":null}}},"1":{"name":"App","decl":{"start":{"line":14,"column":24},"end":{"line":14,"column":27}},"loc":{"start":{"line":14,"column":47},"end":{"line":27,"column":1}}}},"branchMap":{"0":{"loc":{"start":{"line":1,"column":27},"end":{"line":1,"column":null}},"type":"binary-expr","locations":[{"start":{"line":1,"column":27},"end":{"line":1,"column":null}},{"start":{"line":1,"column":27},"end":{"line":1,"column":null}}]},"1":{"loc":{"start":{"line":1,"column":27},"end":{"line":1,"column":null}},"type":"if","locations":[{"start":{"line":1,"column":27},"end":{"line":1,"column":null}}]}},"s":{"0":56,"1":14,"2":14,"3":7,"4":7},"f":{"0":7,"1":14},"b":{"0":[14,7],"1":[7]}}
,"/Users/giovannitropea/Desktop/Google Dev Fest/camomilla-template/src/Router.tsx": {"path":"/Users/giovannitropea/Desktop/Google Dev Fest/camomilla-template/src/Router.tsx","statementMap":{"0":{"start":{"line":1,"column":62},"end":{"line":1,"column":null}},"1":{"start":{"line":1,"column":80},"end":{"line":1,"column":null}},"2":{"start":{"line":7,"column":15},"end":{"line":27,"column":null}},"3":{"start":{"line":30,"column":2},"end":{"line":30,"column":null}},"4":{"start":{"line":31,"column":1},"end":{"line":29,"column":22}},"5":{"start":{"line":29,"column":22},"end":{"line":29,"column":25}}},"fnMap":{"0":{"name":"(anonymous_0)","decl":{"start":{"line":1,"column":80},"end":{"line":1,"column":null}},"loc":{"start":{"line":1,"column":80},"end":{"line":1,"column":null}}},"1":{"name":"Router","decl":{"start":{"line":29,"column":16},"end":{"line":29,"column":22}},"loc":{"start":{"line":29,"column":25},"end":{"line":31,"column":1}}}},"branchMap":{"0":{"loc":{"start":{"line":1,"column":62},"end":{"line":1,"column":null}},"type":"binary-expr","locations":[{"start":{"line":1,"column":62},"end":{"line":1,"column":null}},{"start":{"line":1,"column":80},"end":{"line":1,"column":null}}]},"1":{"loc":{"start":{"line":1,"column":80},"end":{"line":1,"column":null}},"type":"if","locations":[{"start":{"line":1,"column":80},"end":{"line":1,"column":null}}]},"2":{"loc":{"start":{"line":1,"column":80},"end":{"line":1,"column":null}},"type":"binary-expr","locations":[{"start":{"line":1,"column":80},"end":{"line":1,"column":null}},{"start":{"line":1,"column":80},"end":{"line":1,"column":null}}]}},"s":{"0":7,"1":49,"2":7,"3":14,"4":7,"5":7},"f":{"0":7,"1":14},"b":{"0":[7,0],"1":[7],"2":[7,7]}}
,"/Users/giovannitropea/Desktop/Google Dev Fest/camomilla-template/src/main.tsx": {"path":"/Users/giovannitropea/Desktop/Google Dev Fest/camomilla-template/src/main.tsx","statementMap":{"0":{"start":{"line":5,"column":0},"end":{"line":9,"column":null}}},"fnMap":{},"branchMap":{},"s":{"0":7},"f":{},"b":{}}
,"/Users/giovannitropea/Desktop/Google Dev Fest/camomilla-template/src/theme.ts": {"path":"/Users/giovannitropea/Desktop/Google Dev Fest/camomilla-template/src/theme.ts","statementMap":{"0":{"start":{"line":3,"column":21},"end":{"line":5,"column":null}}},"fnMap":{},"branchMap":{},"s":{"0":7},"f":{},"b":{}}
,"/Users/giovannitropea/Desktop/Google Dev Fest/camomilla-template/src/components/BaseLayout/index.tsx": {"path":"/Users/giovannitropea/Desktop/Google Dev Fest/camomilla-template/src/components/BaseLayout/index.tsx","statementMap":{"0":{"start":{"line":1,"column":40},"end":{"line":1,"column":null}},"1":{"start":{"line":6,"column":19},"end":{"line":19,"column":null}},"2":{"start":{"line":7,"column":2},"end":{"line":19,"column":null}},"3":{"start":{"line":20,"column":2},"end":{"line":6,"column":19}},"4":{"start":{"line":22,"column":26},"end":{"line":22,"column":null}}},"fnMap":{"0":{"name":"(anonymous_0)","decl":{"start":{"line":1,"column":40},"end":{"line":1,"column":null}},"loc":{"start":{"line":1,"column":40},"end":{"line":1,"column":null}}},"1":{"name":"(anonymous_1)","decl":{"start":{"line":6,"column":19},"end":{"line":6,"column":null}},"loc":{"start":{"line":7,"column":2},"end":{"line":19,"column":null}}}},"branchMap":{"0":{"loc":{"start":{"line":1,"column":40},"end":{"line":1,"column":null}},"type":"binary-expr","locations":[{"start":{"line":1,"column":40},"end":{"line":1,"column":null}},{"start":{"line":1,"column":40},"end":{"line":1,"column":null}}]},"1":{"loc":{"start":{"line":1,"column":40},"end":{"line":1,"column":null}},"type":"if","locations":[{"start":{"line":1,"column":40},"end":{"line":1,"column":null}}]}},"s":{"0":56,"1":7,"2":14,"3":7,"4":7},"f":{"0":7,"1":14},"b":{"0":[14,7],"1":[7]}}
,"/Users/giovannitropea/Desktop/Google Dev Fest/camomilla-template/src/components/BaseLayout/components/Header/index.tsx": {"path":"/Users/giovannitropea/Desktop/Google Dev Fest/camomilla-template/src/components/BaseLayout/components/Header/index.tsx","statementMap":{"0":{"start":{"line":5,"column":15},"end":{"line":33,"column":2}},"1":{"start":{"line":5,"column":21},"end":{"line":5,"column":null}},"2":{"start":{"line":6,"column":45},"end":{"line":6,"column":null}},"3":{"start":{"line":8,"column":2},"end":{"line":31,"column":null}},"4":{"start":{"line":25,"column":25},"end":{"line":25,"column":null}},"5":{"start":{"line":33,"column":2},"end":{"line":6,"column":67}},"6":{"start":{"line":5,"column":12},"end":{"line":6,"column":67}},"7":{"start":{"line":6,"column":66},"end":{"line":5,"column":12}},"8":{"start":{"line":35,"column":22},"end":{"line":35,"column":null}}},"fnMap":{"0":{"name":"(anonymous_1)","decl":{"start":{"line":5,"column":15},"end":{"line":5,"column":21}},"loc":{"start":{"line":5,"column":21},"end":{"line":33,"column":2}}},"1":{"name":"(anonymous_2)","decl":{"start":{"line":25,"column":19},"end":{"line":25,"column":25}},"loc":{"start":{"line":25,"column":25},"end":{"line":25,"column":null}}},"2":{"name":"(anonymous_3)","decl":{"start":{"line":5,"column":12},"end":{"line":5,"column":15}},"loc":{"start":{"line":5,"column":12},"end":{"line":6,"column":67}}}},"branchMap":{"0":{"loc":{"start":{"line":28,"column":11},"end":{"line":28,"column":null}},"type":"cond-expr","locations":[{"start":{"line":28,"column":36},"end":{"line":28,"column":60}},{"start":{"line":28,"column":60},"end":{"line":28,"column":null}}]}},"s":{"0":7,"1":28,"2":28,"3":28,"4":0,"5":7,"6":7,"7":7,"8":7},"f":{"0":28,"1":0,"2":7},"b":{"0":[0,28]}}
,"/Users/giovannitropea/Desktop/Google Dev Fest/camomilla-template/src/components/BaseLayout/components/Sidebar/index.tsx": {"path":"/Users/giovannitropea/Desktop/Google Dev Fest/camomilla-template/src/components/BaseLayout/components/Sidebar/index.tsx","statementMap":{"0":{"start":{"line":1,"column":40},"end":{"line":1,"column":null}},"1":{"start":{"line":6,"column":16},"end":{"line":32,"column":2}},"2":{"start":{"line":7,"column":32},"end":{"line":22,"column":null}},"3":{"start":{"line":25,"column":2},"end":{"line":30,"column":null}},"4":{"start":{"line":28,"column":8},"end":{"line":28,"column":null}},"5":{"start":{"line":32,"column":2},"end":{"line":6,"column":16}},"6":{"start":{"line":34,"column":23},"end":{"line":34,"column":null}}},"fnMap":{"0":{"name":"(anonymous_0)","decl":{"start":{"line":1,"column":40},"end":{"line":1,"column":null}},"loc":{"start":{"line":1,"column":40},"end":{"line":1,"column":null}}},"1":{"name":"(anonymous_1)","decl":{"start":{"line":6,"column":16},"end":{"line":6,"column":22}},"loc":{"start":{"line":6,"column":22},"end":{"line":32,"column":2}}},"2":{"name":"(anonymous_2)","decl":{"start":{"line":27,"column":21},"end":{"line":27,"column":22}},"loc":{"start":{"line":28,"column":8},"end":{"line":28,"column":null}}}},"branchMap":{"0":{"loc":{"start":{"line":1,"column":40},"end":{"line":1,"column":null}},"type":"binary-expr","locations":[{"start":{"line":1,"column":40},"end":{"line":1,"column":null}},{"start":{"line":1,"column":40},"end":{"line":1,"column":null}}]},"1":{"loc":{"start":{"line":1,"column":40},"end":{"line":1,"column":null}},"type":"if","locations":[{"start":{"line":1,"column":40},"end":{"line":1,"column":null}}]}},"s":{"0":56,"1":7,"2":14,"3":14,"4":42,"5":7,"6":7},"f":{"0":7,"1":14,"2":42},"b":{"0":[14,7],"1":[7]}}
,"/Users/giovannitropea/Desktop/Google Dev Fest/camomilla-template/src/components/BaseLayout/components/Sidebar/components/index.tsx": {"path":"/Users/giovannitropea/Desktop/Google Dev Fest/camomilla-template/src/components/BaseLayout/components/Sidebar/components/index.tsx","statementMap":{"0":{"start":{"line":1,"column":45},"end":{"line":1,"column":null}},"1":{"start":{"line":8,"column":13},"end":{"line":22,"column":null}},"2":{"start":{"line":9,"column":2},"end":{"line":22,"column":null}},"3":{"start":{"line":12,"column":6},"end":{"line":12,"column":null}},"4":{"start":{"line":23,"column":2},"end":{"line":8,"column":13}},"5":{"start":{"line":25,"column":20},"end":{"line":25,"column":null}}},"fnMap":{"0":{"name":"(anonymous_0)","decl":{"start":{"line":1,"column":45},"end":{"line":1,"column":null}},"loc":{"start":{"line":1,"column":45},"end":{"line":1,"column":null}}},"1":{"name":"(anonymous_1)","decl":{"start":{"line":8,"column":13},"end":{"line":8,"column":14}},"loc":{"start":{"line":9,"column":2},"end":{"line":22,"column":null}}},"2":{"name":"(anonymous_2)","decl":{"start":{"line":11,"column":15},"end":{"line":11,"column":16}},"loc":{"start":{"line":12,"column":6},"end":{"line":12,"column":null}}}},"branchMap":{"0":{"loc":{"start":{"line":1,"column":45},"end":{"line":1,"column":null}},"type":"binary-expr","locations":[{"start":{"line":1,"column":45},"end":{"line":1,"column":null}},{"start":{"line":1,"column":45},"end":{"line":1,"column":null}}]},"1":{"loc":{"start":{"line":1,"column":45},"end":{"line":1,"column":null}},"type":"if","locations":[{"start":{"line":1,"column":45},"end":{"line":1,"column":null}}]},"2":{"loc":{"start":{"line":12,"column":6},"end":{"line":12,"column":null}},"type":"cond-expr","locations":[{"start":{"line":12,"column":18},"end":{"line":12,"column":64}},{"start":{"line":12,"column":64},"end":{"line":12,"column":null}}]}},"s":{"0":56,"1":7,"2":42,"3":42,"4":7,"5":7},"f":{"0":7,"1":42,"2":42},"b":{"0":[14,7],"1":[7],"2":[14,28]}}
,"/Users/giovannitropea/Desktop/Google Dev Fest/camomilla-template/src/pages/Dashboard/index.tsx": {"path":"/Users/giovannitropea/Desktop/Google Dev Fest/camomilla-template/src/pages/Dashboard/index.tsx","statementMap":{"0":{"start":{"line":1,"column":64},"end":{"line":1,"column":null}},"1":{"start":{"line":1,"column":79},"end":{"line":1,"column":null}},"2":{"start":{"line":5,"column":18},"end":{"line":26,"column":null}},"3":{"start":{"line":6,"column":4},"end":{"line":26,"column":null}},"4":{"start":{"line":27,"column":4},"end":{"line":5,"column":18}},"5":{"start":{"line":29,"column":25},"end":{"line":29,"column":null}}},"fnMap":{"0":{"name":"(anonymous_0)","decl":{"start":{"line":1,"column":79},"end":{"line":1,"column":null}},"loc":{"start":{"line":1,"column":79},"end":{"line":1,"column":null}}},"1":{"name":"(anonymous_1)","decl":{"start":{"line":5,"column":18},"end":{"line":5,"column":null}},"loc":{"start":{"line":6,"column":4},"end":{"line":26,"column":null}}}},"branchMap":{"0":{"loc":{"start":{"line":1,"column":64},"end":{"line":1,"column":null}},"type":"binary-expr","locations":[{"start":{"line":1,"column":64},"end":{"line":1,"column":null}},{"start":{"line":1,"column":79},"end":{"line":1,"column":null}}]},"1":{"loc":{"start":{"line":1,"column":79},"end":{"line":1,"column":null}},"type":"if","locations":[{"start":{"line":1,"column":79},"end":{"line":1,"column":null}}]},"2":{"loc":{"start":{"line":1,"column":79},"end":{"line":1,"column":null}},"type":"binary-expr","locations":[{"start":{"line":1,"column":79},"end":{"line":1,"column":null}},{"start":{"line":1,"column":79},"end":{"line":1,"column":null}}]}},"s":{"0":7,"1":49,"2":7,"3":0,"4":7,"5":7},"f":{"0":7,"1":0},"b":{"0":[7,0],"1":[7],"2":[7,7]}}
,"/Users/giovannitropea/Desktop/Google Dev Fest/camomilla-template/src/pages/Form/index.tsx": {"path":"/Users/giovannitropea/Desktop/Google Dev Fest/camomilla-template/src/pages/Form/index.tsx","statementMap":{"0":{"start":{"line":14,"column":13},"end":{"line":107,"column":2}},"1":{"start":{"line":14,"column":19},"end":{"line":14,"column":null}},"2":{"start":{"line":15,"column":15},"end":{"line":15,"column":null}},"3":{"start":{"line":20,"column":6},"end":{"line":20,"column":null}},"4":{"start":{"line":22,"column":19},"end":{"line":39,"column":null}},"5":{"start":{"line":23,"column":4},"end":{"line":38,"column":null}},"6":{"start":{"line":30,"column":6},"end":{"line":37,"column":null}},"7":{"start":{"line":41,"column":2},"end":{"line":105,"column":null}},"8":{"start":{"line":107,"column":2},"end":{"line":20,"column":20}},"9":{"start":{"line":14,"column":10},"end":{"line":20,"column":20}},"10":{"start":{"line":20,"column":13},"end":{"line":14,"column":10}},"11":{"start":{"line":109,"column":20},"end":{"line":109,"column":null}}},"fnMap":{"0":{"name":"(anonymous_1)","decl":{"start":{"line":14,"column":13},"end":{"line":14,"column":19}},"loc":{"start":{"line":14,"column":19},"end":{"line":107,"column":2}}},"1":{"name":"(anonymous_2)","decl":{"start":{"line":22,"column":19},"end":{"line":22,"column":20}},"loc":{"start":{"line":22,"column":35},"end":{"line":39,"column":null}}},"2":{"name":"(anonymous_3)","decl":{"start":{"line":29,"column":12},"end":{"line":29,"column":18}},"loc":{"start":{"line":29,"column":18},"end":{"line":38,"column":5}}},"3":{"name":"(anonymous_4)","decl":{"start":{"line":14,"column":10},"end":{"line":14,"column":13}},"loc":{"start":{"line":14,"column":10},"end":{"line":20,"column":20}}}},"branchMap":{"0":{"loc":{"start":{"line":71,"column":12},"end":{"line":74,"column":null}},"type":"binary-expr","locations":[{"start":{"line":71,"column":12},"end":{"line":71,"column":null}},{"start":{"line":72,"column":12},"end":{"line":74,"column":null}}]},"1":{"loc":{"start":{"line":79,"column":31},"end":{"line":79,"column":63}},"type":"binary-expr","locations":[{"start":{"line":79,"column":31},"end":{"line":79,"column":47}},{"start":{"line":79,"column":47},"end":{"line":79,"column":63}}]},"2":{"loc":{"start":{"line":81,"column":12},"end":{"line":85,"column":null}},"type":"binary-expr","locations":[{"start":{"line":81,"column":12},"end":{"line":81,"column":null}},{"start":{"line":82,"column":14},"end":{"line":85,"column":null}}]}},"s":{"0":7,"1":10,"2":10,"3":10,"4":10,"5":1,"6":1,"7":10,"8":7,"9":3,"10":7,"11":7},"f":{"0":10,"1":1,"2":1,"3":3},"b":{"0":[10,2],"1":[10,2],"2":[10,2]}}
,"/Users/giovannitropea/Desktop/Google Dev Fest/camomilla-template/src/pages/Table/index.tsx": {"path":"/Users/giovannitropea/Desktop/Google Dev Fest/camomilla-template/src/pages/Table/index.tsx","statementMap":{"0":{"start":{"line":8,"column":28},"end":{"line":8,"column":null}},"1":{"start":{"line":9,"column":30},"end":{"line":9,"column":null}},"2":{"start":{"line":10,"column":36},"end":{"line":10,"column":null}},"3":{"start":{"line":11,"column":38},"end":{"line":11,"column":null}},"4":{"start":{"line":12,"column":30},"end":{"line":12,"column":null}},"5":{"start":{"line":13,"column":58},"end":{"line":13,"column":null}},"6":{"start":{"line":15,"column":18},"end":{"line":22,"column":null}},"7":{"start":{"line":16,"column":4},"end":{"line":21,"column":null}},"8":{"start":{"line":17,"column":21},"end":{"line":17,"column":31}},"9":{"start":{"line":19,"column":8},"end":{"line":19,"column":null}},"10":{"start":{"line":20,"column":8},"end":{"line":20,"column":null}},"11":{"start":{"line":24,"column":2},"end":{"line":26,"column":null}},"12":{"start":{"line":25,"column":4},"end":{"line":25,"column":null}},"13":{"start":{"line":28,"column":2},"end":{"line":28,"column":null}},"14":{"start":{"line":28,"column":25},"end":{"line":28,"column":null}},"15":{"start":{"line":30,"column":21},"end":{"line":35,"column":null}},"16":{"start":{"line":31,"column":21},"end":{"line":31,"column":null}},"17":{"start":{"line":32,"column":4},"end":{"line":32,"column":null}},"18":{"start":{"line":33,"column":4},"end":{"line":33,"column":null}},"19":{"start":{"line":34,"column":4},"end":{"line":34,"column":null}},"20":{"start":{"line":37,"column":29},"end":{"line":41,"column":null}},"21":{"start":{"line":38,"column":22},"end":{"line":38,"column":null}},"22":{"start":{"line":39,"column":4},"end":{"line":39,"column":null}},"23":{"start":{"line":40,"column":4},"end":{"line":40,"column":null}},"24":{"start":{"line":43,"column":15},"end":{"line":49,"column":null}},"25":{"start":{"line":44,"column":4},"end":{"line":48,"column":null}},"26":{"start":{"line":51,"column":2},"end":{"line":104,"column":null}},"27":{"start":{"line":68,"column":28},"end":{"line":68,"column":47}},"28":{"start":{"line":76,"column":28},"end":{"line":76,"column":48}},"29":{"start":{"line":84,"column":28},"end":{"line":84,"column":50}},"30":{"start":{"line":106,"column":1},"end":{"line":8,"column":28}},"31":{"start":{"line":8,"column":25},"end":{"line":null,"column":-1}},"32":{"start":{"line":8,"column":25},"end":{"line":8,"column":28}}},"fnMap":{"0":{"name":"TableSort","decl":{"start":{"line":8,"column":16},"end":{"line":8,"column":25}},"loc":{"start":{"line":8,"column":28},"end":{"line":106,"column":1}}},"1":{"name":"(anonymous_2)","decl":{"start":{"line":15,"column":18},"end":{"line":15,"column":30}},"loc":{"start":{"line":15,"column":30},"end":{"line":22,"column":null}}},"2":{"name":"(anonymous_3)","decl":{"start":{"line":17,"column":13},"end":{"line":17,"column":21}},"loc":{"start":{"line":17,"column":21},"end":{"line":17,"column":31}}},"3":{"name":"(anonymous_4)","decl":{"start":{"line":18,"column":13},"end":{"line":18,"column":22}},"loc":{"start":{"line":18,"column":22},"end":{"line":21,"column":7}}},"4":{"name":"(anonymous_5)","decl":{"start":{"line":24,"column":12},"end":{"line":24,"column":18}},"loc":{"start":{"line":24,"column":18},"end":{"line":26,"column":5}}},"5":{"name":"(anonymous_6)","decl":{"start":{"line":30,"column":21},"end":{"line":30,"column":22}},"loc":{"start":{"line":30,"column":47},"end":{"line":35,"column":null}}},"6":{"name":"(anonymous_7)","decl":{"start":{"line":37,"column":29},"end":{"line":37,"column":30}},"loc":{"start":{"line":37,"column":77},"end":{"line":41,"column":null}}},"7":{"name":"(anonymous_8)","decl":{"start":{"line":43,"column":31},"end":{"line":43,"column":null}},"loc":{"start":{"line":44,"column":4},"end":{"line":48,"column":null}}},"8":{"name":"(anonymous_9)","decl":{"start":{"line":68,"column":22},"end":{"line":68,"column":28}},"loc":{"start":{"line":68,"column":28},"end":{"line":68,"column":47}}},"9":{"name":"(anonymous_10)","decl":{"start":{"line":76,"column":22},"end":{"line":76,"column":28}},"loc":{"start":{"line":76,"column":28},"end":{"line":76,"column":48}}},"10":{"name":"(anonymous_11)","decl":{"start":{"line":84,"column":22},"end":{"line":84,"column":28}},"loc":{"start":{"line":84,"column":28},"end":{"line":84,"column":50}}}},"branchMap":{"0":{"loc":{"start":{"line":28,"column":2},"end":{"line":28,"column":null}},"type":"if","locations":[{"start":{"line":28,"column":2},"end":{"line":28,"column":null}}]},"1":{"loc":{"start":{"line":31,"column":21},"end":{"line":31,"column":null}},"type":"cond-expr","locations":[{"start":{"line":31,"column":40},"end":{"line":31,"column":64}},{"start":{"line":31,"column":64},"end":{"line":31,"column":null}}]},"2":{"loc":{"start":{"line":91,"column":11},"end":{"line":100,"column":null}},"type":"cond-expr","locations":[{"start":{"line":92,"column":12},"end":{"line":92,"column":null}},{"start":{"line":94,"column":12},"end":{"line":100,"column":null}}]}},"s":{"0":46,"1":46,"2":46,"3":46,"4":46,"5":46,"6":46,"7":8,"8":8,"9":8,"10":8,"11":46,"12":8,"13":46,"14":8,"15":38,"16":1,"17":1,"18":1,"19":1,"20":38,"21":11,"22":11,"23":11,"24":38,"25":112,"26":38,"27":1,"28":0,"29":0,"30":7,"31":7,"32":7},"f":{"0":46,"1":8,"2":8,"3":8,"4":8,"5":1,"6":11,"7":112,"8":1,"9":0,"10":0},"b":{"0":[8],"1":[0,1],"2":[38,0]}}
,"/Users/giovannitropea/Desktop/Google Dev Fest/camomilla-template/src/pages/Table/components/Th/index.tsx": {"path":"/Users/giovannitropea/Desktop/Google Dev Fest/camomilla-template/src/pages/Table/components/Th/index.tsx","statementMap":{"0":{"start":{"line":1,"column":64},"end":{"line":1,"column":null}},"1":{"start":{"line":1,"column":79},"end":{"line":1,"column":null}},"2":{"start":{"line":13,"column":11},"end":{"line":29,"column":2}},"3":{"start":{"line":14,"column":15},"end":{"line":14,"column":null}},"4":{"start":{"line":15,"column":2},"end":{"line":27,"column":null}},"5":{"start":{"line":29,"column":2},"end":{"line":13,"column":11}},"6":{"start":{"line":31,"column":18},"end":{"line":31,"column":null}}},"fnMap":{"0":{"name":"(anonymous_0)","decl":{"start":{"line":1,"column":79},"end":{"line":1,"column":null}},"loc":{"start":{"line":1,"column":79},"end":{"line":1,"column":null}}},"1":{"name":"(anonymous_1)","decl":{"start":{"line":13,"column":11},"end":{"line":13,"column":12}},"loc":{"start":{"line":13,"column":76},"end":{"line":29,"column":2}}}},"branchMap":{"0":{"loc":{"start":{"line":1,"column":64},"end":{"line":1,"column":null}},"type":"binary-expr","locations":[{"start":{"line":1,"column":64},"end":{"line":1,"column":null}},{"start":{"line":1,"column":79},"end":{"line":1,"column":null}}]},"1":{"loc":{"start":{"line":1,"column":79},"end":{"line":1,"column":null}},"type":"if","locations":[{"start":{"line":1,"column":79},"end":{"line":1,"column":null}}]},"2":{"loc":{"start":{"line":1,"column":79},"end":{"line":1,"column":null}},"type":"binary-expr","locations":[{"start":{"line":1,"column":79},"end":{"line":1,"column":null}},{"start":{"line":1,"column":79},"end":{"line":1,"column":null}}]},"3":{"loc":{"start":{"line":14,"column":15},"end":{"line":14,"column":null}},"type":"cond-expr","locations":[{"start":{"line":14,"column":25},"end":{"line":14,"column":71}},{"start":{"line":14,"column":71},"end":{"line":14,"column":null}}]},"4":{"loc":{"start":{"line":14,"column":25},"end":{"line":14,"column":71}},"type":"cond-expr","locations":[{"start":{"line":14,"column":36},"end":{"line":14,"column":52}},{"start":{"line":14,"column":52},"end":{"line":14,"column":71}}]}},"s":{"0":7,"1":49,"2":7,"3":114,"4":114,"5":7,"6":7},"f":{"0":7,"1":114},"b":{"0":[7,0],"1":[7],"2":[7,7],"3":[2,112],"4":[0,2]}}
,"/Users/giovannitropea/Desktop/Google Dev Fest/camomilla-template/src/pages/Table/utils/index.tsx": {"path":"/Users/giovannitropea/Desktop/Google Dev Fest/camomilla-template/src/pages/Table/utils/index.tsx","statementMap":{"0":{"start":{"line":4,"column":26},"end":{"line":9,"column":null}},"1":{"start":{"line":5,"column":16},"end":{"line":5,"column":null}},"2":{"start":{"line":6,"column":2},"end":{"line":8,"column":null}},"3":{"start":{"line":7,"column":4},"end":{"line":7,"column":null}},"4":{"start":{"line":7,"column":32},"end":{"line":7,"column":71}},"5":{"start":{"line":11,"column":24},"end":{"line":31,"column":null}},"6":{"start":{"line":15,"column":21},"end":{"line":15,"column":null}},"7":{"start":{"line":17,"column":2},"end":{"line":19,"column":null}},"8":{"start":{"line":18,"column":4},"end":{"line":18,"column":null}},"9":{"start":{"line":21,"column":2},"end":{"line":30,"column":null}},"10":{"start":{"line":23,"column":6},"end":{"line":25,"column":null}},"11":{"start":{"line":24,"column":8},"end":{"line":24,"column":null}},"12":{"start":{"line":27,"column":6},"end":{"line":27,"column":null}}},"fnMap":{"0":{"name":"(anonymous_0)","decl":{"start":{"line":4,"column":26},"end":{"line":4,"column":27}},"loc":{"start":{"line":4,"column":63},"end":{"line":9,"column":null}}},"1":{"name":"(anonymous_1)","decl":{"start":{"line":6,"column":22},"end":{"line":6,"column":null}},"loc":{"start":{"line":7,"column":4},"end":{"line":7,"column":null}}},"2":{"name":"(anonymous_2)","decl":{"start":{"line":7,"column":24},"end":{"line":7,"column":32}},"loc":{"start":{"line":7,"column":32},"end":{"line":7,"column":71}}},"3":{"name":"(anonymous_3)","decl":{"start":{"line":11,"column":24},"end":{"line":11,"column":null}},"loc":{"start":{"line":14,"column":5},"end":{"line":31,"column":null}}},"4":{"name":"(anonymous_4)","decl":{"start":{"line":22,"column":19},"end":{"line":22,"column":20}},"loc":{"start":{"line":22,"column":29},"end":{"line":28,"column":5}}}},"branchMap":{"0":{"loc":{"start":{"line":17,"column":2},"end":{"line":19,"column":null}},"type":"if","locations":[{"start":{"line":17,"column":2},"end":{"line":19,"column":null}}]},"1":{"loc":{"start":{"line":23,"column":6},"end":{"line":25,"column":null}},"type":"if","locations":[{"start":{"line":23,"column":6},"end":{"line":25,"column":null}}]}},"s":{"0":7,"1":12,"2":12,"3":48,"4":100,"5":7,"6":12,"7":12,"8":11,"9":1,"10":5,"11":0,"12":5},"f":{"0":12,"1":48,"2":100,"3":12,"4":5},"b":{"0":[11],"1":[0]}}
,"/Users/giovannitropea/Desktop/Google Dev Fest/camomilla-template/src/translations/index.ts": {"path":"/Users/giovannitropea/Desktop/Google Dev Fest/camomilla-template/src/translations/index.ts","statementMap":{"0":{"start":{"line":6,"column":73},"end":{"line":8,"column":null}}},"fnMap":{},"branchMap":{},"s":{"0":7},"f":{},"b":{}}
}
