{"total": {"lines":{"total":99,"covered":94,"skipped":0,"pct":94.95},"statements":{"total":112,"covered":107,"skipped":0,"pct":95.54},"functions":{"total":39,"covered":35,"skipped":0,"pct":89.74},"branches":{"total":48,"covered":40,"skipped":0,"pct":83.33}}
,"/Users/giovannitropea/Desktop/Google Dev Fest/camomilla-template/src/App.tsx": {"lines":{"total":5,"covered":5,"skipped":0,"pct":100},"functions":{"total":2,"covered":2,"skipped":0,"pct":100},"statements":{"total":5,"covered":5,"skipped":0,"pct":100},"branches":{"total":3,"covered":3,"skipped":0,"pct":100}}
,"/Users/giovannitropea/Desktop/Google Dev Fest/camomilla-template/src/Router.tsx": {"lines":{"total":5,"covered":5,"skipped":0,"pct":100},"functions":{"total":2,"covered":2,"skipped":0,"pct":100},"statements":{"total":6,"covered":6,"skipped":0,"pct":100},"branches":{"total":5,"covered":4,"skipped":0,"pct":80}}
,"/Users/giovannitropea/Desktop/Google Dev Fest/camomilla-template/src/main.tsx": {"lines":{"total":1,"covered":1,"skipped":0,"pct":100},"functions":{"total":0,"covered":0,"skipped":0,"pct":100},"statements":{"total":1,"covered":1,"skipped":0,"pct":100},"branches":{"total":0,"covered":0,"skipped":0,"pct":100}}
,"/Users/giovannitropea/Desktop/Google Dev Fest/camomilla-template/src/theme.ts": {"lines":{"total":1,"covered":1,"skipped":0,"pct":100},"functions":{"total":0,"covered":0,"skipped":0,"pct":100},"statements":{"total":1,"covered":1,"skipped":0,"pct":100},"branches":{"total":0,"covered":0,"skipped":0,"pct":100}}
,"/Users/giovannitropea/Desktop/Google Dev Fest/camomilla-template/src/components/BaseLayout/index.tsx": {"lines":{"total":5,"covered":5,"skipped":0,"pct":100},"functions":{"total":2,"covered":2,"skipped":0,"pct":100},"statements":{"total":5,"covered":5,"skipped":0,"pct":100},"branches":{"total":3,"covered":3,"skipped":0,"pct":100}}
,"/Users/giovannitropea/Desktop/Google Dev Fest/camomilla-template/src/components/BaseLayout/components/Header/index.tsx": {"lines":{"total":6,"covered":5,"skipped":0,"pct":83.33},"functions":{"total":3,"covered":2,"skipped":0,"pct":66.67},"statements":{"total":9,"covered":8,"skipped":0,"pct":88.89},"branches":{"total":2,"covered":1,"skipped":0,"pct":50}}
,"/Users/giovannitropea/Desktop/Google Dev Fest/camomilla-template/src/components/BaseLayout/components/Sidebar/index.tsx": {"lines":{"total":7,"covered":7,"skipped":0,"pct":100},"functions":{"total":3,"covered":3,"skipped":0,"pct":100},"statements":{"total":7,"covered":7,"skipped":0,"pct":100},"branches":{"total":3,"covered":3,"skipped":0,"pct":100}}
,"/Users/giovannitropea/Desktop/Google Dev Fest/camomilla-template/src/components/BaseLayout/components/Sidebar/components/index.tsx": {"lines":{"total":6,"covered":6,"skipped":0,"pct":100},"functions":{"total":3,"covered":3,"skipped":0,"pct":100},"statements":{"total":6,"covered":6,"skipped":0,"pct":100},"branches":{"total":5,"covered":5,"skipped":0,"pct":100}}
,"/Users/giovannitropea/Desktop/Google Dev Fest/camomilla-template/src/pages/Dashboard/index.tsx": {"lines":{"total":5,"covered":4,"skipped":0,"pct":80},"functions":{"total":2,"covered":1,"skipped":0,"pct":50},"statements":{"total":6,"covered":5,"skipped":0,"pct":83.33},"branches":{"total":5,"covered":4,"skipped":0,"pct":80}}
,"/Users/giovannitropea/Desktop/Google Dev Fest/camomilla-template/src/pages/Form/index.tsx": {"lines":{"total":9,"covered":9,"skipped":0,"pct":100},"functions":{"total":4,"covered":4,"skipped":0,"pct":100},"statements":{"total":12,"covered":12,"skipped":0,"pct":100},"branches":{"total":6,"covered":6,"skipped":0,"pct":100}}
,"/Users/giovannitropea/Desktop/Google Dev Fest/camomilla-template/src/pages/Table/index.tsx": {"lines":{"total":30,"covered":28,"skipped":0,"pct":93.33},"functions":{"total":11,"covered":9,"skipped":0,"pct":81.82},"statements":{"total":33,"covered":31,"skipped":0,"pct":93.94},"branches":{"total":5,"covered":3,"skipped":0,"pct":60}}
,"/Users/giovannitropea/Desktop/Google Dev Fest/camomilla-template/src/pages/Table/components/Th/index.tsx": {"lines":{"total":6,"covered":6,"skipped":0,"pct":100},"functions":{"total":2,"covered":2,"skipped":0,"pct":100},"statements":{"total":7,"covered":7,"skipped":0,"pct":100},"branches":{"total":9,"covered":7,"skipped":0,"pct":77.78}}
,"/Users/giovannitropea/Desktop/Google Dev Fest/camomilla-template/src/pages/Table/utils/index.tsx": {"lines":{"total":12,"covered":11,"skipped":0,"pct":91.67},"functions":{"total":5,"covered":5,"skipped":0,"pct":100},"statements":{"total":13,"covered":12,"skipped":0,"pct":92.31},"branches":{"total":2,"covered":1,"skipped":0,"pct":50}}
,"/Users/giovannitropea/Desktop/Google Dev Fest/camomilla-template/src/translations/index.ts": {"lines":{"total":1,"covered":1,"skipped":0,"pct":100},"functions":{"total":0,"covered":0,"skipped":0,"pct":100},"statements":{"total":1,"covered":1,"skipped":0,"pct":100},"branches":{"total":0,"covered":0,"skipped":0,"pct":100}}
}
