TN:
SF:src/App.tsx
FN:1,(anonymous_0)
FN:14,App
FNF:2
FNH:2
FNDA:7,(anonymous_0)
FNDA:14,App
DA:1,56
DA:14,7
DA:15,14
DA:17,14
DA:27,7
LF:5
LH:5
BRDA:1,0,0,14
BRDA:1,0,1,7
BRDA:1,1,0,7
BRF:3
BRH:3
end_of_record
TN:
SF:src/Router.tsx
FN:1,(anonymous_0)
FN:29,Router
FNF:2
FNH:2
FNDA:7,(anonymous_0)
FNDA:14,Router
DA:1,49
DA:7,7
DA:29,7
DA:30,14
DA:31,7
LF:5
LH:5
BRDA:1,0,0,7
BRDA:1,0,1,0
BRDA:1,1,0,7
BRDA:1,2,0,7
BRDA:1,2,1,7
BRF:5
BRH:4
end_of_record
TN:
SF:src/main.tsx
FNF:0
FNH:0
DA:5,7
LF:1
LH:1
BRF:0
BRH:0
end_of_record
TN:
SF:src/theme.ts
FNF:0
FNH:0
DA:3,7
LF:1
LH:1
BRF:0
BRH:0
end_of_record
TN:
SF:src/components/BaseLayout/index.tsx
FN:1,(anonymous_0)
FN:6,(anonymous_1)
FNF:2
FNH:2
FNDA:7,(anonymous_0)
FNDA:14,(anonymous_1)
DA:1,56
DA:6,7
DA:7,14
DA:20,7
DA:22,7
LF:5
LH:5
BRDA:1,0,0,14
BRDA:1,0,1,7
BRDA:1,1,0,7
BRF:3
BRH:3
end_of_record
TN:
SF:src/components/BaseLayout/components/Header/index.tsx
FN:5,(anonymous_1)
FN:25,(anonymous_2)
FN:5,(anonymous_3)
FNF:3
FNH:2
FNDA:28,(anonymous_1)
FNDA:0,(anonymous_2)
FNDA:7,(anonymous_3)
DA:5,28
DA:6,28
DA:8,28
DA:25,0
DA:33,7
DA:35,7
LF:6
LH:5
BRDA:28,0,0,0
BRDA:28,0,1,28
BRF:2
BRH:1
end_of_record
TN:
SF:src/components/BaseLayout/components/Sidebar/index.tsx
FN:1,(anonymous_0)
FN:6,(anonymous_1)
FN:27,(anonymous_2)
FNF:3
FNH:3
FNDA:7,(anonymous_0)
FNDA:14,(anonymous_1)
FNDA:42,(anonymous_2)
DA:1,56
DA:6,7
DA:7,14
DA:25,14
DA:28,42
DA:32,7
DA:34,7
LF:7
LH:7
BRDA:1,0,0,14
BRDA:1,0,1,7
BRDA:1,1,0,7
BRF:3
BRH:3
end_of_record
TN:
SF:src/components/BaseLayout/components/Sidebar/components/index.tsx
FN:1,(anonymous_0)
FN:8,(anonymous_1)
FN:11,(anonymous_2)
FNF:3
FNH:3
FNDA:7,(anonymous_0)
FNDA:42,(anonymous_1)
FNDA:42,(anonymous_2)
DA:1,56
DA:8,7
DA:9,42
DA:12,42
DA:23,7
DA:25,7
LF:6
LH:6
BRDA:1,0,0,14
BRDA:1,0,1,7
BRDA:1,1,0,7
BRDA:12,2,0,14
BRDA:12,2,1,28
BRF:5
BRH:5
end_of_record
TN:
SF:src/pages/Dashboard/index.tsx
FN:1,(anonymous_0)
FN:5,(anonymous_1)
FNF:2
FNH:1
FNDA:7,(anonymous_0)
FNDA:0,(anonymous_1)
DA:1,49
DA:5,7
DA:6,0
DA:27,7
DA:29,7
LF:5
LH:4
BRDA:1,0,0,7
BRDA:1,0,1,0
BRDA:1,1,0,7
BRDA:1,2,0,7
BRDA:1,2,1,7
BRF:5
BRH:4
end_of_record
TN:
SF:src/pages/Form/index.tsx
FN:14,(anonymous_1)
FN:22,(anonymous_2)
FN:29,(anonymous_3)
FN:14,(anonymous_4)
FNF:4
FNH:4
FNDA:10,(anonymous_1)
FNDA:1,(anonymous_2)
FNDA:1,(anonymous_3)
FNDA:3,(anonymous_4)
DA:14,10
DA:15,10
DA:20,10
DA:22,10
DA:23,1
DA:30,1
DA:41,10
DA:107,7
DA:109,7
LF:9
LH:9
BRDA:71,0,0,10
BRDA:71,0,1,2
BRDA:79,1,0,10
BRDA:79,1,1,2
BRDA:81,2,0,10
BRDA:81,2,1,2
BRF:6
BRH:6
end_of_record
TN:
SF:src/pages/Table/index.tsx
FN:8,TableSort
FN:15,(anonymous_2)
FN:17,(anonymous_3)
FN:18,(anonymous_4)
FN:24,(anonymous_5)
FN:30,(anonymous_6)
FN:37,(anonymous_7)
FN:43,(anonymous_8)
FN:68,(anonymous_9)
FN:76,(anonymous_10)
FN:84,(anonymous_11)
FNF:11
FNH:9
FNDA:46,TableSort
FNDA:8,(anonymous_2)
FNDA:8,(anonymous_3)
FNDA:8,(anonymous_4)
FNDA:8,(anonymous_5)
FNDA:1,(anonymous_6)
FNDA:11,(anonymous_7)
FNDA:112,(anonymous_8)
FNDA:1,(anonymous_9)
FNDA:0,(anonymous_10)
FNDA:0,(anonymous_11)
DA:8,46
DA:9,46
DA:10,46
DA:11,46
DA:12,46
DA:13,46
DA:15,46
DA:16,8
DA:17,8
DA:19,8
DA:20,8
DA:24,46
DA:25,8
DA:28,46
DA:30,38
DA:31,1
DA:32,1
DA:33,1
DA:34,1
DA:37,38
DA:38,11
DA:39,11
DA:40,11
DA:43,38
DA:44,112
DA:51,38
DA:68,1
DA:76,0
DA:84,0
DA:106,7
LF:30
LH:28
BRDA:28,0,0,8
BRDA:31,1,0,0
BRDA:31,1,1,1
BRDA:91,2,0,38
BRDA:91,2,1,0
BRF:5
BRH:3
end_of_record
TN:
SF:src/pages/Table/components/Th/index.tsx
FN:1,(anonymous_0)
FN:13,(anonymous_1)
FNF:2
FNH:2
FNDA:7,(anonymous_0)
FNDA:114,(anonymous_1)
DA:1,49
DA:13,7
DA:14,114
DA:15,114
DA:29,7
DA:31,7
LF:6
LH:6
BRDA:1,0,0,7
BRDA:1,0,1,0
BRDA:1,1,0,7
BRDA:1,2,0,7
BRDA:1,2,1,7
BRDA:14,3,0,2
BRDA:14,3,1,112
BRDA:14,4,0,0
BRDA:14,4,1,2
BRF:9
BRH:7
end_of_record
TN:
SF:src/pages/Table/utils/index.tsx
FN:4,(anonymous_0)
FN:6,(anonymous_1)
FN:7,(anonymous_2)
FN:11,(anonymous_3)
FN:22,(anonymous_4)
FNF:5
FNH:5
FNDA:12,(anonymous_0)
FNDA:48,(anonymous_1)
FNDA:100,(anonymous_2)
FNDA:12,(anonymous_3)
FNDA:5,(anonymous_4)
DA:4,7
DA:5,12
DA:6,12
DA:7,100
DA:11,7
DA:15,12
DA:17,12
DA:18,11
DA:21,1
DA:23,5
DA:24,0
DA:27,5
LF:12
LH:11
BRDA:17,0,0,11
BRDA:23,1,0,0
BRF:2
BRH:1
end_of_record
TN:
SF:src/translations/index.ts
FNF:0
FNH:0
DA:6,7
LF:1
LH:1
BRF:0
BRH:0
end_of_record
